"../../../Engine/Content/EditorResources/S_Actor.ubulk" 0
"../../../Engine/Content/EditorResources/S_Actor.uasset" 1
"../../../Engine/Content/EditorResources/S_Actor.uexp" 2
"../../../Engine/Content/EditorResources/S_BoxReflectionCapture.uasset" 3
"../../../Engine/Content/EditorResources/S_BoxReflectionCapture.uexp" 4
"../../../Engine/Content/EngineResources/DefaultTexture.ubulk" 5
"../../../Engine/Content/EngineResources/DefaultTexture.uasset" 6
"../../../Engine/Content/EngineResources/DefaultTexture.uexp" 7
"../../../Engine/Content/EngineResources/DefaultTextureCube.uasset" 8
"../../../Engine/Content/EngineResources/DefaultTextureCube.uexp" 9
"../../../Engine/Content/EngineResources/DefaultVolumeTexture2D.uasset" 10
"../../../Engine/Content/EngineResources/DefaultVolumeTexture2D.uexp" 11
"../../../Engine/Content/EngineResources/DefaultVolumeTexture.uasset" 12
"../../../Engine/Content/EngineResources/DefaultVolumeTexture.uexp" 13
"../../../Engine/Content/EditorResources/S_Trigger.ubulk" 14
"../../../Engine/Content/EditorResources/S_Trigger.uasset" 15
"../../../Engine/Content/EditorResources/S_Trigger.uexp" 16
"../../../Engine/Content/EditorResources/S_TriggerBox.uasset" 17
"../../../Engine/Content/EditorResources/S_TriggerBox.uexp" 18
"../../../Engine/Content/EditorResources/S_TriggerCapsule.uasset" 19
"../../../Engine/Content/EditorResources/S_TriggerCapsule.uexp" 20
"../../../Engine/Content/EditorResources/S_TriggerSphere.uasset" 21
"../../../Engine/Content/EditorResources/S_TriggerSphere.uexp" 22
"../../../Engine/Content/EngineMeshes/Sphere.ubulk" 23
"../../../Engine/Content/EngineMeshes/Sphere.uasset" 24
"../../../Engine/Content/EngineMeshes/Sphere.uexp" 25
"../../../Engine/Content/EngineResources/GradientTexture0.uasset" 26
"../../../Engine/Content/EngineResources/GradientTexture0.uexp" 27
"../../../Engine/Content/EngineResources/Black.uasset" 28
"../../../Engine/Content/EngineResources/Black.uexp" 29
"../../../Engine/Content/VREditor/LaserPointer/VR_LaserPower_01.ubulk" 30
"../../../Engine/Content/VREditor/LaserPointer/VR_LaserPower_01.uasset" 31
"../../../Engine/Content/VREditor/LaserPointer/VR_LaserPower_01.uexp" 32
"../../../Engine/Content/VREditor/TransformGizmo/TransformGizmoMaterial.uasset" 33
"../../../Engine/Content/VREditor/TransformGizmo/TransformGizmoMaterial.uexp" 34
"../../../Engine/Content/VREditor/TransformGizmo/TranslucentTransformGizmoMaterial.uasset" 35
"../../../Engine/Content/VREditor/TransformGizmo/TranslucentTransformGizmoMaterial.uexp" 36
"../../../Engine/Content/VREditor/TransformGizmo/PlaneTranslationHandle.ubulk" 37
"../../../Engine/Content/VREditor/TransformGizmo/PlaneTranslationHandle.uasset" 38
"../../../Engine/Content/VREditor/TransformGizmo/PlaneTranslationHandle.uexp" 39
"../../../Engine/Content/VREditor/TransformGizmo/BoundingBoxCorner.ubulk" 40
"../../../Engine/Content/VREditor/TransformGizmo/BoundingBoxCorner.uasset" 41
"../../../Engine/Content/VREditor/TransformGizmo/BoundingBoxCorner.uexp" 42
"../../../Engine/Content/VREditor/TransformGizmo/BoundingBoxEdge.ubulk" 43
"../../../Engine/Content/VREditor/TransformGizmo/BoundingBoxEdge.uasset" 44
"../../../Engine/Content/VREditor/TransformGizmo/BoundingBoxEdge.uexp" 45
"../../../Engine/Content/VREditor/TransformGizmo/Main.uasset" 46
"../../../Engine/Content/VREditor/TransformGizmo/Main.uexp" 47
"../../../Engine/Content/VREditor/TransformGizmo/Xray.uasset" 48
"../../../Engine/Content/VREditor/TransformGizmo/Xray.uexp" 49
"../../../Engine/Content/VREditor/TransformGizmo/SM_Sequencer_Node.ubulk" 50
"../../../Engine/Content/VREditor/TransformGizmo/SM_Sequencer_Node.uasset" 51
"../../../Engine/Content/VREditor/TransformGizmo/SM_Sequencer_Node.uexp" 52
"../../../Engine/Content/EditorMaterials/Camera/CineMat.uasset" 53
"../../../Engine/Content/EditorMaterials/Camera/CineMat.uexp" 54
"../../../Engine/Content/EditorMaterials/Camera/MI_CineMat_Rig.uasset" 55
"../../../Engine/Content/EditorMaterials/Camera/MI_CineMat_Rig.uexp" 56
"../../../Engine/Content/EditorMeshes/Camera/SM_CraneRig_Base.ubulk" 57
"../../../Engine/Content/EditorMeshes/Camera/SM_CraneRig_Base.uasset" 58
"../../../Engine/Content/EditorMeshes/Camera/SM_CraneRig_Base.uexp" 59
"../../../Engine/Content/EditorMeshes/Camera/SM_CraneRig_Arm.ubulk" 60
"../../../Engine/Content/EditorMeshes/Camera/SM_CraneRig_Arm.uasset" 61
"../../../Engine/Content/EditorMeshes/Camera/SM_CraneRig_Arm.uexp" 62
"../../../Engine/Content/EditorMeshes/Camera/SM_CraneRig_Mount.ubulk" 63
"../../../Engine/Content/EditorMeshes/Camera/SM_CraneRig_Mount.uasset" 64
"../../../Engine/Content/EditorMeshes/Camera/SM_CraneRig_Mount.uexp" 65
"../../../Engine/Content/EditorMeshes/Camera/SM_CraneRig_Body.ubulk" 66
"../../../Engine/Content/EditorMeshes/Camera/SM_CraneRig_Body.uasset" 67
"../../../Engine/Content/EditorMeshes/Camera/SM_CraneRig_Body.uexp" 68
"../../../Engine/Content/EditorMeshes/Camera/SM_RailRig_Track.ubulk" 69
"../../../Engine/Content/EditorMeshes/Camera/SM_RailRig_Track.uasset" 70
"../../../Engine/Content/EditorMeshes/Camera/SM_RailRig_Track.uexp" 71
"../../../Engine/Content/EditorMeshes/Camera/SM_RailRig_Mount.ubulk" 72
"../../../Engine/Content/EditorMeshes/Camera/SM_RailRig_Mount.uasset" 73
"../../../Engine/Content/EditorMeshes/Camera/SM_RailRig_Mount.uexp" 74
"../../../Engine/Content/EngineMaterials/T_Default_Material_Grid_M.ubulk" 75
"../../../Engine/Content/EngineMaterials/T_Default_Material_Grid_M.uasset" 76
"../../../Engine/Content/EngineMaterials/T_Default_Material_Grid_M.uexp" 77
"../../../Engine/Content/EngineMaterials/T_Default_Material_Grid_N.ubulk" 78
"../../../Engine/Content/EngineMaterials/T_Default_Material_Grid_N.uasset" 79
"../../../Engine/Content/EngineMaterials/T_Default_Material_Grid_N.uexp" 80
"../../../Engine/Content/Functions/Engine_MaterialFunctions01/Opacity/CameraDepthFade.uasset" 81
"../../../Engine/Content/Functions/Engine_MaterialFunctions01/Opacity/CameraDepthFade.uexp" 82
"../../../Engine/Content/EngineMaterials/WorldGridMaterial.uasset" 83
"../../../Engine/Content/EngineMaterials/WorldGridMaterial.uexp" 84
"../../../Engine/Content/ArtTools/RenderToTexture/Meshes/S_1_Unit_Plane.ubulk" 85
"../../../Engine/Content/ArtTools/RenderToTexture/Meshes/S_1_Unit_Plane.uasset" 86
"../../../Engine/Content/ArtTools/RenderToTexture/Meshes/S_1_Unit_Plane.uexp" 87
"../../../Engine/Content/EditorMaterials/ParticleSystems/PSysThumbnail_NoImage.ubulk" 88
"../../../Engine/Content/EditorMaterials/ParticleSystems/PSysThumbnail_NoImage.uasset" 89
"../../../Engine/Content/EditorMaterials/ParticleSystems/PSysThumbnail_NoImage.uexp" 90
"../../../Engine/Content/EditorMaterials/ParticleSystems/PSysThumbnail_OOD.ubulk" 91
"../../../Engine/Content/EditorMaterials/ParticleSystems/PSysThumbnail_OOD.uasset" 92
"../../../Engine/Content/EditorMaterials/ParticleSystems/PSysThumbnail_OOD.uexp" 93
"../../../Engine/Content/EditorLandscapeResources/SplineEditorMeshMat.uasset" 94
"../../../Engine/Content/EditorLandscapeResources/SplineEditorMeshMat.uexp" 95
"../../../Engine/Content/EditorLandscapeResources/SplineEditorMesh.ubulk" 96
"../../../Engine/Content/EditorLandscapeResources/SplineEditorMesh.uasset" 97
"../../../Engine/Content/EditorLandscapeResources/SplineEditorMesh.uexp" 98
"../../../Engine/Content/EditorResources/S_Solver.ubulk" 99
"../../../Engine/Content/EditorResources/S_Solver.uasset" 100
"../../../Engine/Content/EditorResources/S_Solver.uexp" 101
"../../../Engine/Plugins/Media/MediaPlate/Content/SM_MediaPlateScreen.ubulk" 102
"../../../Engine/Plugins/Media/MediaPlate/Content/SM_MediaPlateScreen.uasset" 103
"../../../Engine/Plugins/Media/MediaPlate/Content/SM_MediaPlateScreen.uexp" 104
"../../../Engine/Content/EngineMaterials/Good64x64TilingNoiseHighFreq.uasset" 105
"../../../Engine/Content/EngineMaterials/Good64x64TilingNoiseHighFreq.uexp" 106
"../../../Engine/Content/EngineMaterials/DefaultBokeh.uasset" 107
"../../../Engine/Content/EngineMaterials/DefaultBokeh.uexp" 108
"../../../Engine/Content/EngineMaterials/PreintegratedSkinBRDF.uasset" 109
"../../../Engine/Content/EngineMaterials/PreintegratedSkinBRDF.uexp" 110
"../../../Engine/Content/EngineMaterials/MiniFont.uasset" 111
"../../../Engine/Content/EngineMaterials/MiniFont.uexp" 112
"../../../Engine/Content/EngineMaterials/WeightMapPlaceholderTexture.uasset" 113
"../../../Engine/Content/EngineMaterials/WeightMapPlaceholderTexture.uexp" 114
"../../../Engine/Content/EngineMaterials/DefaultWhiteGrid.ubulk" 115
"../../../Engine/Content/EngineMaterials/DefaultWhiteGrid.uasset" 116
"../../../Engine/Content/EngineMaterials/DefaultWhiteGrid.uexp" 117
"C:/Users/dilan/OneDrive/Documentos/Unreal Projects/AnimationProject/Content/LevelPrototyping/Textures/T_GridChecker_A.ubulk" 118
"C:/Users/dilan/OneDrive/Documentos/Unreal Projects/AnimationProject/Content/LevelPrototyping/Textures/T_GridChecker_A.uasset" 119
"C:/Users/dilan/OneDrive/Documentos/Unreal Projects/AnimationProject/Content/LevelPrototyping/Textures/T_GridChecker_A.uexp" 120
"../../../Engine/Content/Functions/Engine_MaterialFunctions02/Utility/MakeFloat3.uasset" 121
"../../../Engine/Content/Functions/Engine_MaterialFunctions02/Utility/MakeFloat3.uexp" 122
"../../../Engine/Content/Functions/Engine_MaterialFunctions01/Gradient/LinearGradient.uasset" 123
"../../../Engine/Content/Functions/Engine_MaterialFunctions01/Gradient/LinearGradient.uexp" 124
"../../../Engine/Content/Functions/Engine_MaterialFunctions01/ImageAdjustment/CheapContrast.uasset" 125
"../../../Engine/Content/Functions/Engine_MaterialFunctions01/ImageAdjustment/CheapContrast.uexp" 126
"../../../Engine/Content/Functions/Engine_MaterialFunctions02/Utility/BreakOutFloat3Components.uasset" 127
"../../../Engine/Content/Functions/Engine_MaterialFunctions02/Utility/BreakOutFloat3Components.uexp" 128
"C:/Users/dilan/OneDrive/Documentos/Unreal Projects/AnimationProject/Content/LevelPrototyping/Materials/MF_ProcGrid.uasset" 129
"C:/Users/dilan/OneDrive/Documentos/Unreal Projects/AnimationProject/Content/LevelPrototyping/Materials/MF_ProcGrid.uexp" 130
"C:/Users/dilan/OneDrive/Documentos/Unreal Projects/AnimationProject/Content/LevelPrototyping/Materials/M_PrototypeGrid.uasset" 131
"C:/Users/dilan/OneDrive/Documentos/Unreal Projects/AnimationProject/Content/LevelPrototyping/Materials/M_PrototypeGrid.uexp" 132
"C:/Users/dilan/OneDrive/Documentos/Unreal Projects/AnimationProject/Content/LevelPrototyping/Materials/MI_PrototypeGrid_TopDark.uasset" 133
"C:/Users/dilan/OneDrive/Documentos/Unreal Projects/AnimationProject/Content/LevelPrototyping/Materials/MI_PrototypeGrid_TopDark.uexp" 134
"C:/Users/dilan/OneDrive/Documentos/Unreal Projects/AnimationProject/Content/LevelPrototyping/Materials/MI_PrototypeGrid_Gray.uasset" 135
"C:/Users/dilan/OneDrive/Documentos/Unreal Projects/AnimationProject/Content/LevelPrototyping/Materials/MI_PrototypeGrid_Gray.uexp" 136
"C:/Users/dilan/OneDrive/Documentos/Unreal Projects/AnimationProject/Content/LevelPrototyping/Meshes/SM_Ramp.ubulk" 137
"C:/Users/dilan/OneDrive/Documentos/Unreal Projects/AnimationProject/Content/LevelPrototyping/Meshes/SM_Ramp.uasset" 138
"C:/Users/dilan/OneDrive/Documentos/Unreal Projects/AnimationProject/Content/LevelPrototyping/Meshes/SM_Ramp.uexp" 139
"C:/Users/dilan/OneDrive/Documentos/Unreal Projects/AnimationProject/Content/LevelPrototyping/Meshes/SM_QuarterCylinder.ubulk" 140
"C:/Users/dilan/OneDrive/Documentos/Unreal Projects/AnimationProject/Content/LevelPrototyping/Meshes/SM_QuarterCylinder.uasset" 141
"C:/Users/dilan/OneDrive/Documentos/Unreal Projects/AnimationProject/Content/LevelPrototyping/Meshes/SM_QuarterCylinder.uexp" 142
"C:/Users/dilan/OneDrive/Documentos/Unreal Projects/AnimationProject/Content/LevelPrototyping/Meshes/SM_Cube.ubulk" 143
"C:/Users/dilan/OneDrive/Documentos/Unreal Projects/AnimationProject/Content/LevelPrototyping/Meshes/SM_Cube.uasset" 144
"C:/Users/dilan/OneDrive/Documentos/Unreal Projects/AnimationProject/Content/LevelPrototyping/Meshes/SM_Cube.uexp" 145
"C:/Users/dilan/OneDrive/Documentos/Unreal Projects/AnimationProject/Content/LevelPrototyping/Materials/M_Solid.uasset" 146
"C:/Users/dilan/OneDrive/Documentos/Unreal Projects/AnimationProject/Content/LevelPrototyping/Materials/M_Solid.uexp" 147
"C:/Users/dilan/OneDrive/Documentos/Unreal Projects/AnimationProject/Content/LevelPrototyping/Materials/MI_Solid_Blue.uasset" 148
"C:/Users/dilan/OneDrive/Documentos/Unreal Projects/AnimationProject/Content/LevelPrototyping/Materials/MI_Solid_Blue.uexp" 149
"C:/Users/dilan/OneDrive/Documentos/Unreal Projects/AnimationProject/Content/LevelPrototyping/Meshes/SM_ChamferCube.ubulk" 150
"C:/Users/dilan/OneDrive/Documentos/Unreal Projects/AnimationProject/Content/LevelPrototyping/Meshes/SM_ChamferCube.uasset" 151
"C:/Users/dilan/OneDrive/Documentos/Unreal Projects/AnimationProject/Content/LevelPrototyping/Meshes/SM_ChamferCube.uexp" 152
"../../../Engine/Content/Animation/DefaultRecorderBoneCompression.uasset" 153
"../../../Engine/Content/Animation/DefaultRecorderBoneCompression.uexp" 154
"../../../Engine/Content/EngineMaterials/DefaultMaterial.uasset" 155
"../../../Engine/Content/EngineMaterials/DefaultMaterial.uexp" 156
"../../../Engine/Content/BasicShapes/Sphere.ubulk" 157
"../../../Engine/Content/BasicShapes/Sphere.uasset" 158
"../../../Engine/Content/BasicShapes/Sphere.uexp" 159
"../../../Engine/Content/BasicShapes/Plane.ubulk" 160
"../../../Engine/Content/BasicShapes/Plane.uasset" 161
"../../../Engine/Content/BasicShapes/Plane.uexp" 162
"../../../Engine/Content/BasicShapes/Cylinder.ubulk" 163
"../../../Engine/Content/BasicShapes/Cylinder.uasset" 164
"../../../Engine/Content/BasicShapes/Cylinder.uexp" 165
"../../../Engine/Content/BasicShapes/Cube.ubulk" 166
"../../../Engine/Content/BasicShapes/Cube.uasset" 167
"../../../Engine/Content/BasicShapes/Cube.uexp" 168
"../../../Engine/Content/BasicShapes/Cone.ubulk" 169
"../../../Engine/Content/BasicShapes/Cone.uasset" 170
"../../../Engine/Content/BasicShapes/Cone.uexp" 171
"../../../Engine/Content/EditorLandscapeResources/DefaultAlphaTexture.uasset" 172
"../../../Engine/Content/EditorLandscapeResources/DefaultAlphaTexture.uexp" 173
"../../../Engine/Content/EditorLandscapeResources/DataLayer.uasset" 174
"../../../Engine/Content/EditorLandscapeResources/DataLayer.uexp" 175
"../../../Engine/Content/EditorMaterials/PreviewShadowIndicator.ubulk" 176
"../../../Engine/Content/EditorMaterials/PreviewShadowIndicator.uasset" 177
"../../../Engine/Content/EditorMaterials/PreviewShadowIndicator.uexp" 178
"../../../Engine/Content/EditorMaterials/PreviewShadowIndicatorMaterial.uasset" 179
"../../../Engine/Content/EditorMaterials/PreviewShadowIndicatorMaterial.uexp" 180
"../../../Engine/Content/EditorMaterials/PhAT_UnselectedMaterial.uasset" 181
"../../../Engine/Content/EditorMaterials/PhAT_UnselectedMaterial.uexp" 182
"../../../Engine/Content/EditorMaterials/PhAT_NoCollisionMaterial.uasset" 183
"../../../Engine/Content/EditorMaterials/PhAT_NoCollisionMaterial.uexp" 184
"../../../Engine/Content/Functions/Engine_MaterialFunctions02/Utility/MakeFloat4.uasset" 185
"../../../Engine/Content/Functions/Engine_MaterialFunctions02/Utility/MakeFloat4.uexp" 186
"../../../Engine/Content/EditorMaterials/WorldPartition/WorldPartitionSpatialHashGridPreviewMaterial.uasset" 187
"../../../Engine/Content/EditorMaterials/WorldPartition/WorldPartitionSpatialHashGridPreviewMaterial.uexp" 188
"../../../Engine/Content/EditorResources/S_Terrain.ubulk" 189
"../../../Engine/Content/EditorResources/S_Terrain.uasset" 190
"../../../Engine/Content/EditorResources/S_Terrain.uexp" 191
"../../../Engine/Content/EditorResources/EmptyActor.uasset" 192
"../../../Engine/Content/EditorResources/EmptyActor.uexp" 193
"../../../Engine/Content/EditorResources/BSPVertex.uasset" 194
"../../../Engine/Content/EditorResources/BSPVertex.uexp" 195
"../../../Engine/Content/EditorResources/SequenceRecorder/RecordingIndicator.uasset" 196
"../../../Engine/Content/EditorResources/SequenceRecorder/RecordingIndicator.uexp" 197
"../../../Engine/Content/EditorResources/SequenceRecorder/Countdown.uasset" 198
"../../../Engine/Content/EditorResources/SequenceRecorder/Countdown.uexp" 199
"../../../Engine/Content/EngineDamageTypes/DmgTypeBP_Environmental.uasset" 200
"../../../Engine/Content/EngineDamageTypes/DmgTypeBP_Environmental.uexp" 201
"../../../Engine/Content/Functions/Engine_MaterialFunctions02/Utility/CameraDirectionVector.uasset" 202
"../../../Engine/Content/Functions/Engine_MaterialFunctions02/Utility/CameraDirectionVector.uexp" 203
"../../../Engine/Content/EngineDebugMaterials/VolumeToRender.uasset" 204
"../../../Engine/Content/EngineDebugMaterials/VolumeToRender.uexp" 205
"../../../Engine/Content/EngineDebugMaterials/M_VolumeRenderSphereTracePP.uasset" 206
"../../../Engine/Content/EngineDebugMaterials/M_VolumeRenderSphereTracePP.uexp" 207
"../../../Engine/Content/EngineDebugMaterials/M_SimpleUnlitTranslucent.uasset" 208
"../../../Engine/Content/EngineDebugMaterials/M_SimpleUnlitTranslucent.uexp" 209
"../../../Engine/Content/EngineDebugMaterials/DebugMeshMaterial.uasset" 210
"../../../Engine/Content/EngineDebugMaterials/DebugMeshMaterial.uexp" 211
"../../../Engine/Content/EngineDebugMaterials/DebugEditorMaterial.uasset" 212
"../../../Engine/Content/EngineDebugMaterials/DebugEditorMaterial.uexp" 213
"../../../Engine/Content/EngineFonts/Faces/RobotoLight.uexp" 214
"../../../Engine/Content/EngineFonts/Faces/RobotoLight.uasset" 215
"../../../Engine/Content/EngineFonts/Faces/RobotoLight.ufont" 216
"../../../Engine/Content/EngineFonts/Faces/RobotoBold.uexp" 217
"../../../Engine/Content/EngineFonts/Faces/RobotoBold.uasset" 218
"../../../Engine/Content/EngineFonts/Faces/RobotoBold.ufont" 219
"../../../Engine/Content/EngineFonts/Faces/RobotoRegular.uexp" 220
"../../../Engine/Content/EngineFonts/Faces/RobotoRegular.uasset" 221
"../../../Engine/Content/EngineFonts/Faces/RobotoRegular.ufont" 222
"../../../Engine/Content/EngineFonts/Faces/DroidSansFallback.uexp" 223
"../../../Engine/Content/EngineFonts/Faces/DroidSansFallback.uasset" 224
"../../../Engine/Content/EngineFonts/Faces/DroidSansFallback.ufont" 225
"../../../Engine/Content/EngineFonts/Faces/RobotoItalic.uexp" 226
"../../../Engine/Content/EngineFonts/Faces/RobotoItalic.uasset" 227
"../../../Engine/Content/EngineFonts/Faces/RobotoItalic.ufont" 228
"../../../Engine/Content/EngineFonts/Faces/RobotoBoldItalic.uexp" 229
"../../../Engine/Content/EngineFonts/Faces/RobotoBoldItalic.uasset" 230
"../../../Engine/Content/EngineFonts/Faces/RobotoBoldItalic.ufont" 231
"../../../Engine/Content/EngineFonts/Roboto.uasset" 232
"../../../Engine/Content/EngineFonts/Roboto.uexp" 233
"../../../Engine/Content/EngineResources/WhiteSquareTexture.uasset" 234
"../../../Engine/Content/EngineResources/WhiteSquareTexture.uexp" 235
"../../../Engine/Content/EngineMaterials/Widget3DPassThrough.uasset" 236
"../../../Engine/Content/EngineMaterials/Widget3DPassThrough.uexp" 237
"../../../Engine/Content/EngineMaterials/Widget3DPassThrough_Translucent.uasset" 238
"../../../Engine/Content/EngineMaterials/Widget3DPassThrough_Translucent.uexp" 239
"../../../Engine/Content/EngineMaterials/Widget3DPassThrough_Translucent_OneSided.uasset" 240
"../../../Engine/Content/EngineMaterials/Widget3DPassThrough_Translucent_OneSided.uexp" 241
"../../../Engine/Content/EngineMaterials/Widget3DPassThrough_Opaque.uasset" 242
"../../../Engine/Content/EngineMaterials/Widget3DPassThrough_Opaque.uexp" 243
"../../../Engine/Content/EngineMaterials/Widget3DPassThrough_Opaque_OneSided.uasset" 244
"../../../Engine/Content/EngineMaterials/Widget3DPassThrough_Opaque_OneSided.uexp" 245
"../../../Engine/Content/EngineMaterials/Widget3DPassThrough_Masked_OneSided.uasset" 246
"../../../Engine/Content/EngineMaterials/Widget3DPassThrough_Masked_OneSided.uexp" 247
"../../../Engine/Content/EngineMaterials/Widget3DPassThrough_Masked.uasset" 248
"../../../Engine/Content/EngineMaterials/Widget3DPassThrough_Masked.uexp" 249
"../../../Engine/Content/EngineMaterials/STBlueNoise_vec2_128x128x64.uasset" 250
"../../../Engine/Content/EngineMaterials/STBlueNoise_vec2_128x128x64.uexp" 251
"../../../Engine/Content/EngineMaterials/STBlueNoise_scalar_128x128x64.uasset" 252
"../../../Engine/Content/EngineMaterials/STBlueNoise_scalar_128x128x64.uexp" 253
"../../../Engine/Content/EngineMaterials/RemoveSurfaceMaterial.uasset" 254
"../../../Engine/Content/EngineMaterials/RemoveSurfaceMaterial.uexp" 255
"../../../Engine/Content/EngineMaterials/DefaultCalibrationGrayscale.uasset" 256
"../../../Engine/Content/EngineMaterials/DefaultCalibrationGrayscale.uexp" 257
"../../../Engine/Content/EngineMaterials/PPM_DefaultCalibrationGrayscale.uasset" 258
"../../../Engine/Content/EngineMaterials/PPM_DefaultCalibrationGrayscale.uexp" 259
"../../../Engine/Content/EngineMaterials/DefaultCalibrationColor.uasset" 260
"../../../Engine/Content/EngineMaterials/DefaultCalibrationColor.uexp" 261
"../../../Engine/Content/EngineMaterials/PPM_DefaultCalibrationColor.uasset" 262
"../../../Engine/Content/EngineMaterials/PPM_DefaultCalibrationColor.uexp" 263
"../../../Engine/Content/Functions/Engine_MaterialFunctions02/WorldPositionOffset/CameraOffset.uasset" 264
"../../../Engine/Content/Functions/Engine_MaterialFunctions02/WorldPositionOffset/CameraOffset.uexp" 265
"../../../Engine/Content/EngineMaterials/PhAT_JointLimitMaterial.uasset" 266
"../../../Engine/Content/EngineMaterials/PhAT_JointLimitMaterial.uexp" 267
"../../../Engine/Content/EngineMaterials/InvalidLightmapSettings.ubulk" 268
"../../../Engine/Content/EngineMaterials/InvalidLightmapSettings.uasset" 269
"../../../Engine/Content/EngineMaterials/InvalidLightmapSettings.uexp" 270
"../../../Engine/Content/EngineMaterials/M_InvalidLightmapSettings.uasset" 271
"../../../Engine/Content/EngineMaterials/M_InvalidLightmapSettings.uexp" 272
"../../../Engine/Content/EngineMaterials/GizmoMaterial.uasset" 273
"../../../Engine/Content/EngineMaterials/GizmoMaterial.uexp" 274
"../../../Engine/Content/EngineMaterials/BaseFlattenEmissiveMap_VT.uasset" 275
"../../../Engine/Content/EngineMaterials/BaseFlattenEmissiveMap_VT.uexp" 276
"../../../Engine/Content/EngineMaterials/BaseFlattenGrayscaleMap_VT.uasset" 277
"../../../Engine/Content/EngineMaterials/BaseFlattenGrayscaleMap_VT.uexp" 278
"../../../Engine/Content/EngineMaterials/BaseFlattenLinearColor_VT.uasset" 279
"../../../Engine/Content/EngineMaterials/BaseFlattenLinearColor_VT.uexp" 280
"../../../Engine/Content/EngineMaterials/Black_1x1_EXR_Texture_VT.uasset" 281
"../../../Engine/Content/EngineMaterials/Black_1x1_EXR_Texture_VT.uexp" 282
"../../../Engine/Content/EngineMaterials/BaseFlattenDiffuseMap_VT.uasset" 283
"../../../Engine/Content/EngineMaterials/BaseFlattenDiffuseMap_VT.uexp" 284
"../../../Engine/Content/EngineMaterials/BaseFlattenNormalMap_VT.uasset" 285
"../../../Engine/Content/EngineMaterials/BaseFlattenNormalMap_VT.uexp" 286
"../../../Engine/Content/EngineMaterials/FlattenMaterial_WS_Normal_VT.uasset" 287
"../../../Engine/Content/EngineMaterials/FlattenMaterial_WS_Normal_VT.uexp" 288
"../../../Engine/Content/EngineMaterials/FlattenMaterial_VT.uasset" 289
"../../../Engine/Content/EngineMaterials/FlattenMaterial_VT.uexp" 290
"../../../Engine/Content/EngineMaterials/BaseFlattenNormalMap.uasset" 291
"../../../Engine/Content/EngineMaterials/BaseFlattenNormalMap.uexp" 292
"../../../Engine/Content/EngineMaterials/BaseFlattenGrayscaleMap.uasset" 293
"../../../Engine/Content/EngineMaterials/BaseFlattenGrayscaleMap.uexp" 294
"../../../Engine/Content/EngineMaterials/BaseFlattenDiffuseMap.uasset" 295
"../../../Engine/Content/EngineMaterials/BaseFlattenDiffuseMap.uexp" 296
"../../../Engine/Content/Functions/Engine_MaterialFunctions02/PivotPainter2/Black_1x1_EXR_Texture.uasset" 297
"../../../Engine/Content/Functions/Engine_MaterialFunctions02/PivotPainter2/Black_1x1_EXR_Texture.uexp" 298
"../../../Engine/Content/EngineMaterials/BaseFlattenEmissiveMap.uasset" 299
"../../../Engine/Content/EngineMaterials/BaseFlattenEmissiveMap.uexp" 300
"../../../Engine/Content/EngineMaterials/BaseFlattenLinearColor.uasset" 301
"../../../Engine/Content/EngineMaterials/BaseFlattenLinearColor.uexp" 302
"../../../Engine/Content/EngineMaterials/FlattenMaterial.uasset" 303
"../../../Engine/Content/EngineMaterials/FlattenMaterial.uexp" 304
"../../../Engine/Content/EngineMaterials/DefaultWhiteGrid_Low.uasset" 305
"../../../Engine/Content/EngineMaterials/DefaultWhiteGrid_Low.uexp" 306
"../../../Engine/Content/EngineMaterials/EmissiveMeshMaterial.uasset" 307
"../../../Engine/Content/EngineMaterials/EmissiveMeshMaterial.uexp" 308
"../../../Engine/Content/EngineFonts/RobotoDistanceField.uasset" 309
"../../../Engine/Content/EngineFonts/RobotoDistanceField.uexp" 310
"../../../Engine/Content/EngineMaterials/DefaultTextMaterialOpaque.uasset" 311
"../../../Engine/Content/EngineMaterials/DefaultTextMaterialOpaque.uexp" 312
"../../../Engine/Content/EngineMaterials/DefaultDiffuse.ubulk" 313
"../../../Engine/Content/EngineMaterials/DefaultDiffuse.uasset" 314
"../../../Engine/Content/EngineMaterials/DefaultDiffuse.uexp" 315
"../../../Engine/Content/Functions/Engine_MaterialFunctions02/Utility/BreakOutFloat2Components.uasset" 316
"../../../Engine/Content/Functions/Engine_MaterialFunctions02/Utility/BreakOutFloat2Components.uexp" 317
"../../../Engine/Content/EngineMaterials/DefaultPostProcessMaterial.uasset" 318
"../../../Engine/Content/EngineMaterials/DefaultPostProcessMaterial.uexp" 319
"../../../Engine/Content/EngineMaterials/DefaultPhysicalMaterial.uasset" 320
"../../../Engine/Content/EngineMaterials/DefaultPhysicalMaterial.uexp" 321
"../../../Engine/Content/EngineMaterials/DefaultLightFunctionMaterial.uasset" 322
"../../../Engine/Content/EngineMaterials/DefaultLightFunctionMaterial.uexp" 323
"../../../Engine/Content/EngineMaterials/DefaultDestructiblePhysicalMaterial.uasset" 324
"../../../Engine/Content/EngineMaterials/DefaultDestructiblePhysicalMaterial.uexp" 325
"../../../Engine/Content/EngineMaterials/DefaultDeferredDecalMaterial.uasset" 326
"../../../Engine/Content/EngineMaterials/DefaultDeferredDecalMaterial.uexp" 327
"../../../Engine/Content/EngineMaterials/DefaultBloomKernel.uasset" 328
"../../../Engine/Content/EngineMaterials/DefaultBloomKernel.uexp" 329
"../../../Engine/Content/EngineResources/FilmGrains/Marcie_Grain_v3_128_M2_000.uasset" 330
"../../../Engine/Content/EngineResources/FilmGrains/Marcie_Grain_v3_128_M2_000.uexp" 331
"../../../Engine/Content/EngineSky/T_Sky_Stars.ubulk" 332
"../../../Engine/Content/EngineSky/T_Sky_Stars.uasset" 333
"../../../Engine/Content/EngineSky/T_Sky_Stars.uexp" 334
"../../../Engine/Content/EngineSky/T_Sky_Clouds_M.ubulk" 335
"../../../Engine/Content/EngineSky/T_Sky_Clouds_M.uasset" 336
"../../../Engine/Content/EngineSky/T_Sky_Clouds_M.uexp" 337
"../../../Engine/Content/EngineSky/T_Sky_Blue.ubulk" 338
"../../../Engine/Content/EngineSky/T_Sky_Blue.uasset" 339
"../../../Engine/Content/EngineSky/T_Sky_Blue.uexp" 340
"../../../Engine/Content/EngineSky/M_Sky_Panning_Clouds2.uasset" 341
"../../../Engine/Content/EngineSky/M_Sky_Panning_Clouds2.uexp" 342
"../../../Engine/Content/EngineSky/SM_SkySphere.ubulk" 343
"../../../Engine/Content/EngineSky/SM_SkySphere.uasset" 344
"../../../Engine/Content/EngineSky/SM_SkySphere.uexp" 345
"../../../Engine/Content/EngineSky/M_SimpleSkyDome.uasset" 346
"../../../Engine/Content/EngineSky/M_SimpleSkyDome.uexp" 347
"../../../Engine/Content/EngineSky/VolumetricClouds/CloudWeatherTexture.uasset" 348
"../../../Engine/Content/EngineSky/VolumetricClouds/CloudWeatherTexture.uexp" 349
"../../../Engine/Content/Functions/Engine_MaterialFunctions02/Utility/MakeFloat2.uasset" 350
"../../../Engine/Content/Functions/Engine_MaterialFunctions02/Utility/MakeFloat2.uexp" 351
"../../../Engine/Content/EngineSky/VolumetricClouds/CloudGradientTexture.uasset" 352
"../../../Engine/Content/EngineSky/VolumetricClouds/CloudGradientTexture.uexp" 353
"../../../Engine/Content/EngineSky/VolumetricClouds/T_NoiseShape64.ubulk" 354
"../../../Engine/Content/EngineSky/VolumetricClouds/T_NoiseShape64.uasset" 355
"../../../Engine/Content/EngineSky/VolumetricClouds/T_NoiseShape64.uexp" 356
"../../../Engine/Content/EngineSky/VolumetricClouds/T_VolumeNoiseShape64.uasset" 357
"../../../Engine/Content/EngineSky/VolumetricClouds/T_VolumeNoiseShape64.uexp" 358
"../../../Engine/Content/EngineSky/VolumetricClouds/T_NoiseErosion.ubulk" 359
"../../../Engine/Content/EngineSky/VolumetricClouds/T_NoiseErosion.uasset" 360
"../../../Engine/Content/EngineSky/VolumetricClouds/T_NoiseErosion.uexp" 361
"../../../Engine/Content/EngineSky/VolumetricClouds/T_VolumeNoiseErosion32.uasset" 362
"../../../Engine/Content/EngineSky/VolumetricClouds/T_VolumeNoiseErosion32.uexp" 363
"../../../Engine/Content/EngineSky/VolumetricClouds/m_SimpleVolumetricCloud.uasset" 364
"../../../Engine/Content/EngineSky/VolumetricClouds/m_SimpleVolumetricCloud.uexp" 365
"../../../Engine/Content/EngineSky/VolumetricClouds/m_SimpleVolumetricCloud_Inst.uasset" 366
"../../../Engine/Content/EngineSky/VolumetricClouds/m_SimpleVolumetricCloud_Inst.uexp" 367
"../../../Engine/Content/EngineSounds/Master.uasset" 368
"../../../Engine/Content/EngineSounds/Master.uexp" 369
"../../../Engine/Content/Functions/Engine_MaterialFunctions01/Shading/PowerToRoughness.uasset" 370
"../../../Engine/Content/Functions/Engine_MaterialFunctions01/Shading/PowerToRoughness.uexp" 371
"../../../Engine/Content/Maps/Templates/HLODs/HLODLayer_Merged.uasset" 372
"../../../Engine/Content/Maps/Templates/HLODs/HLODLayer_Merged.uexp" 373
"../../../Engine/Content/MobileResources/HUD/VirtualJoystick_Background.uasset" 374
"../../../Engine/Content/MobileResources/HUD/VirtualJoystick_Background.uexp" 375
"../../../Engine/Content/MobileResources/HUD/VirtualJoystick_Thumb.uasset" 376
"../../../Engine/Content/MobileResources/HUD/VirtualJoystick_Thumb.uexp" 377
"../../../Engine/Content/MobileResources/HUD/DefaultVirtualJoysticks.uasset" 378
"../../../Engine/Content/MobileResources/HUD/DefaultVirtualJoysticks.uexp" 379
"../../../Engine/Plugins/2D/Paper2D/Content/PlaceholderTextures/DummySpriteTexture.ubulk" 380
"../../../Engine/Plugins/2D/Paper2D/Content/PlaceholderTextures/DummySpriteTexture.uasset" 381
"../../../Engine/Plugins/2D/Paper2D/Content/PlaceholderTextures/DummySpriteTexture.uexp" 382
"../../../Engine/Plugins/2D/Paper2D/Content/DefaultSpriteMaterial.uasset" 383
"../../../Engine/Plugins/2D/Paper2D/Content/DefaultSpriteMaterial.uexp" 384
"../../../Engine/Plugins/2D/Paper2D/Content/OpaqueUnlitSpriteMaterial.uasset" 385
"../../../Engine/Plugins/2D/Paper2D/Content/OpaqueUnlitSpriteMaterial.uexp" 386
"../../../Engine/Plugins/2D/Paper2D/Content/MaskedUnlitSpriteMaterial.uasset" 387
"../../../Engine/Plugins/2D/Paper2D/Content/MaskedUnlitSpriteMaterial.uexp" 388
"../../../Engine/Plugins/2D/Paper2D/Content/DummySprite.uasset" 389
"../../../Engine/Plugins/2D/Paper2D/Content/DummySprite.uexp" 390
"../../../Engine/Plugins/2D/Paper2D/Content/DefaultPaperTerrainMaterial.uasset" 391
"../../../Engine/Plugins/2D/Paper2D/Content/DefaultPaperTerrainMaterial.uexp" 392
"../../../Engine/Plugins/Animation/ControlRig/Content/M_Manip.uasset" 393
"../../../Engine/Plugins/Animation/ControlRig/Content/M_Manip.uexp" 394
"../../../Engine/Plugins/Animation/ControlRig/Content/Controls/DefaultGizmoLibraryNormalized.uasset" 395
"../../../Engine/Plugins/Animation/ControlRig/Content/Controls/DefaultGizmoLibraryNormalized.uexp" 396
"../../../Engine/Plugins/Animation/ControlRig/Content/Controls/ControlRig_Wedge_solid.ubulk" 397
"../../../Engine/Plugins/Animation/ControlRig/Content/Controls/ControlRig_Wedge_solid.uasset" 398
"../../../Engine/Plugins/Animation/ControlRig/Content/Controls/ControlRig_Wedge_solid.uexp" 399
"../../../Engine/Plugins/Animation/ControlRig/Content/Controls/ControlRig_Wedge_3mm.ubulk" 400
"../../../Engine/Plugins/Animation/ControlRig/Content/Controls/ControlRig_Wedge_3mm.uasset" 401
"../../../Engine/Plugins/Animation/ControlRig/Content/Controls/ControlRig_Wedge_3mm.uexp" 402
"../../../Engine/Plugins/Animation/ControlRig/Content/Controls/ControlRig_Wedge_1mm.ubulk" 403
"../../../Engine/Plugins/Animation/ControlRig/Content/Controls/ControlRig_Wedge_1mm.uasset" 404
"../../../Engine/Plugins/Animation/ControlRig/Content/Controls/ControlRig_Wedge_1mm.uexp" 405
"../../../Engine/Plugins/Animation/ControlRig/Content/Controls/ControlRig_Triangle_solid.ubulk" 406
"../../../Engine/Plugins/Animation/ControlRig/Content/Controls/ControlRig_Triangle_solid.uasset" 407
"../../../Engine/Plugins/Animation/ControlRig/Content/Controls/ControlRig_Triangle_solid.uexp" 408
"../../../Engine/Plugins/Animation/ControlRig/Content/Controls/ControlRig_Triangle_3mm.ubulk" 409
"../../../Engine/Plugins/Animation/ControlRig/Content/Controls/ControlRig_Triangle_3mm.uasset" 410
"../../../Engine/Plugins/Animation/ControlRig/Content/Controls/ControlRig_Triangle_3mm.uexp" 411
"../../../Engine/Plugins/Animation/ControlRig/Content/Controls/ControlRig_Triangle_1mm.ubulk" 412
"../../../Engine/Plugins/Animation/ControlRig/Content/Controls/ControlRig_Triangle_1mm.uasset" 413
"../../../Engine/Plugins/Animation/ControlRig/Content/Controls/ControlRig_Triangle_1mm.uexp" 414
"../../../Engine/Plugins/Animation/ControlRig/Content/Controls/ControlRig_Star4_solid.ubulk" 415
"../../../Engine/Plugins/Animation/ControlRig/Content/Controls/ControlRig_Star4_solid.uasset" 416
"../../../Engine/Plugins/Animation/ControlRig/Content/Controls/ControlRig_Star4_solid.uexp" 417
"../../../Engine/Plugins/Animation/ControlRig/Content/Controls/ControlRig_Star4_3mm.ubulk" 418
"../../../Engine/Plugins/Animation/ControlRig/Content/Controls/ControlRig_Star4_3mm.uasset" 419
"../../../Engine/Plugins/Animation/ControlRig/Content/Controls/ControlRig_Star4_3mm.uexp" 420
"../../../Engine/Plugins/Animation/ControlRig/Content/Controls/ControlRig_Star4_1mm.ubulk" 421
"../../../Engine/Plugins/Animation/ControlRig/Content/Controls/ControlRig_Star4_1mm.uasset" 422
"../../../Engine/Plugins/Animation/ControlRig/Content/Controls/ControlRig_Star4_1mm.uexp" 423
"../../../Engine/Plugins/Animation/ControlRig/Content/Controls/ControlRig_Square_solid.ubulk" 424
"../../../Engine/Plugins/Animation/ControlRig/Content/Controls/ControlRig_Square_solid.uasset" 425
"../../../Engine/Plugins/Animation/ControlRig/Content/Controls/ControlRig_Square_solid.uexp" 426
"../../../Engine/Plugins/Animation/ControlRig/Content/Controls/ControlRig_Square_3mm.ubulk" 427
"../../../Engine/Plugins/Animation/ControlRig/Content/Controls/ControlRig_Square_3mm.uasset" 428
"../../../Engine/Plugins/Animation/ControlRig/Content/Controls/ControlRig_Square_3mm.uexp" 429
"../../../Engine/Plugins/Animation/ControlRig/Content/Controls/ControlRig_Square_1mm.ubulk" 430
"../../../Engine/Plugins/Animation/ControlRig/Content/Controls/ControlRig_Square_1mm.uasset" 431
"../../../Engine/Plugins/Animation/ControlRig/Content/Controls/ControlRig_Square_1mm.uexp" 432
"../../../Engine/Plugins/Animation/ControlRig/Content/Controls/ControlRig_Sphere_solid.ubulk" 433
"../../../Engine/Plugins/Animation/ControlRig/Content/Controls/ControlRig_Sphere_solid.uasset" 434
"../../../Engine/Plugins/Animation/ControlRig/Content/Controls/ControlRig_Sphere_solid.uexp" 435
"../../../Engine/Plugins/Animation/ControlRig/Content/Controls/ControlRig_Sphere_3mm.ubulk" 436
"../../../Engine/Plugins/Animation/ControlRig/Content/Controls/ControlRig_Sphere_3mm.uasset" 437
"../../../Engine/Plugins/Animation/ControlRig/Content/Controls/ControlRig_Sphere_3mm.uexp" 438
"../../../Engine/Plugins/Animation/ControlRig/Content/Controls/ControlRig_Sphere_1mm.ubulk" 439
"../../../Engine/Plugins/Animation/ControlRig/Content/Controls/ControlRig_Sphere_1mm.uasset" 440
"../../../Engine/Plugins/Animation/ControlRig/Content/Controls/ControlRig_Sphere_1mm.uexp" 441
"../../../Engine/Plugins/Animation/ControlRig/Content/Controls/ControlRig_RoundedTriangle_solid.ubulk" 442
"../../../Engine/Plugins/Animation/ControlRig/Content/Controls/ControlRig_RoundedTriangle_solid.uasset" 443
"../../../Engine/Plugins/Animation/ControlRig/Content/Controls/ControlRig_RoundedTriangle_solid.uexp" 444
"../../../Engine/Plugins/Animation/ControlRig/Content/Controls/ControlRig_RoundedTriangle_3mm.ubulk" 445
"../../../Engine/Plugins/Animation/ControlRig/Content/Controls/ControlRig_RoundedTriangle_3mm.uasset" 446
"../../../Engine/Plugins/Animation/ControlRig/Content/Controls/ControlRig_RoundedTriangle_3mm.uexp" 447
"../../../Engine/Plugins/Animation/ControlRig/Content/Controls/ControlRig_RoundedTriangle_1mm.ubulk" 448
"../../../Engine/Plugins/Animation/ControlRig/Content/Controls/ControlRig_RoundedTriangle_1mm.uasset" 449
"../../../Engine/Plugins/Animation/ControlRig/Content/Controls/ControlRig_RoundedTriangle_1mm.uexp" 450
"../../../Engine/Plugins/Animation/ControlRig/Content/Controls/ControlRig_RoundedSquare_solid.ubulk" 451
"../../../Engine/Plugins/Animation/ControlRig/Content/Controls/ControlRig_RoundedSquare_solid.uasset" 452
"../../../Engine/Plugins/Animation/ControlRig/Content/Controls/ControlRig_RoundedSquare_solid.uexp" 453
"../../../Engine/Plugins/Animation/ControlRig/Content/Controls/ControlRig_RoundedSquare_3mm.ubulk" 454
"../../../Engine/Plugins/Animation/ControlRig/Content/Controls/ControlRig_RoundedSquare_3mm.uasset" 455
"../../../Engine/Plugins/Animation/ControlRig/Content/Controls/ControlRig_RoundedSquare_3mm.uexp" 456
"../../../Engine/Plugins/Animation/ControlRig/Content/Controls/ControlRig_RoundedSquare_1mm.ubulk" 457
"../../../Engine/Plugins/Animation/ControlRig/Content/Controls/ControlRig_RoundedSquare_1mm.uasset" 458
"../../../Engine/Plugins/Animation/ControlRig/Content/Controls/ControlRig_RoundedSquare_1mm.uexp" 459
"../../../Engine/Plugins/Animation/ControlRig/Content/Controls/ControlRig_QuarterCircle_solid.ubulk" 460
"../../../Engine/Plugins/Animation/ControlRig/Content/Controls/ControlRig_QuarterCircle_solid.uasset" 461
"../../../Engine/Plugins/Animation/ControlRig/Content/Controls/ControlRig_QuarterCircle_solid.uexp" 462
"../../../Engine/Plugins/Animation/ControlRig/Content/Controls/ControlRig_QuarterCircle_3mm.ubulk" 463
"../../../Engine/Plugins/Animation/ControlRig/Content/Controls/ControlRig_QuarterCircle_3mm.uasset" 464
"../../../Engine/Plugins/Animation/ControlRig/Content/Controls/ControlRig_QuarterCircle_3mm.uexp" 465
"../../../Engine/Plugins/Animation/ControlRig/Content/Controls/ControlRig_QuarterCircle_1mm.ubulk" 466
"../../../Engine/Plugins/Animation/ControlRig/Content/Controls/ControlRig_QuarterCircle_1mm.uasset" 467
"../../../Engine/Plugins/Animation/ControlRig/Content/Controls/ControlRig_QuarterCircle_1mm.uexp" 468
"../../../Engine/Plugins/Animation/ControlRig/Content/Controls/ControlRig_Pyramid_solid.ubulk" 469
"../../../Engine/Plugins/Animation/ControlRig/Content/Controls/ControlRig_Pyramid_solid.uasset" 470
"../../../Engine/Plugins/Animation/ControlRig/Content/Controls/ControlRig_Pyramid_solid.uexp" 471
"../../../Engine/Plugins/Animation/ControlRig/Content/Controls/ControlRig_Pyramid_3mm.ubulk" 472
"../../../Engine/Plugins/Animation/ControlRig/Content/Controls/ControlRig_Pyramid_3mm.uasset" 473
"../../../Engine/Plugins/Animation/ControlRig/Content/Controls/ControlRig_Pyramid_3mm.uexp" 474
"../../../Engine/Plugins/Animation/ControlRig/Content/Controls/ControlRig_Pyramid_1mm.ubulk" 475
"../../../Engine/Plugins/Animation/ControlRig/Content/Controls/ControlRig_Pyramid_1mm.uasset" 476
"../../../Engine/Plugins/Animation/ControlRig/Content/Controls/ControlRig_Pyramid_1mm.uexp" 477
"../../../Engine/Plugins/Animation/ControlRig/Content/Controls/ControlRig_Octagon_solid.ubulk" 478
"../../../Engine/Plugins/Animation/ControlRig/Content/Controls/ControlRig_Octagon_solid.uasset" 479
"../../../Engine/Plugins/Animation/ControlRig/Content/Controls/ControlRig_Octagon_solid.uexp" 480
"../../../Engine/Plugins/Animation/ControlRig/Content/Controls/ControlRig_Octagon_3mm.ubulk" 481
"../../../Engine/Plugins/Animation/ControlRig/Content/Controls/ControlRig_Octagon_3mm.uasset" 482
"../../../Engine/Plugins/Animation/ControlRig/Content/Controls/ControlRig_Octagon_3mm.uexp" 483
"../../../Engine/Plugins/Animation/ControlRig/Content/Controls/ControlRig_Octagon_1mm.ubulk" 484
"../../../Engine/Plugins/Animation/ControlRig/Content/Controls/ControlRig_Octagon_1mm.uasset" 485
"../../../Engine/Plugins/Animation/ControlRig/Content/Controls/ControlRig_Octagon_1mm.uexp" 486
"../../../Engine/Plugins/Animation/ControlRig/Content/Controls/ControlRig_Hexagon_solid.ubulk" 487
"../../../Engine/Plugins/Animation/ControlRig/Content/Controls/ControlRig_Hexagon_solid.uasset" 488
"../../../Engine/Plugins/Animation/ControlRig/Content/Controls/ControlRig_Hexagon_solid.uexp" 489
"../../../Engine/Plugins/Animation/ControlRig/Content/Controls/ControlRig_Hexagon_3mm.ubulk" 490
"../../../Engine/Plugins/Animation/ControlRig/Content/Controls/ControlRig_Hexagon_3mm.uasset" 491
"../../../Engine/Plugins/Animation/ControlRig/Content/Controls/ControlRig_Hexagon_3mm.uexp" 492
"../../../Engine/Plugins/Animation/ControlRig/Content/Controls/ControlRig_Hexagon_1mm.ubulk" 493
"../../../Engine/Plugins/Animation/ControlRig/Content/Controls/ControlRig_Hexagon_1mm.uasset" 494
"../../../Engine/Plugins/Animation/ControlRig/Content/Controls/ControlRig_Hexagon_1mm.uexp" 495
"../../../Engine/Plugins/Animation/ControlRig/Content/Controls/ControlRig_HalfCircle_solid.ubulk" 496
"../../../Engine/Plugins/Animation/ControlRig/Content/Controls/ControlRig_HalfCircle_solid.uasset" 497
"../../../Engine/Plugins/Animation/ControlRig/Content/Controls/ControlRig_HalfCircle_solid.uexp" 498
"../../../Engine/Plugins/Animation/ControlRig/Content/Controls/ControlRig_HalfCircle_3mm.ubulk" 499
"../../../Engine/Plugins/Animation/ControlRig/Content/Controls/ControlRig_HalfCircle_3mm.uasset" 500
"../../../Engine/Plugins/Animation/ControlRig/Content/Controls/ControlRig_HalfCircle_3mm.uexp" 501
"../../../Engine/Plugins/Animation/ControlRig/Content/Controls/ControlRig_HalfCircle_1mm.ubulk" 502
"../../../Engine/Plugins/Animation/ControlRig/Content/Controls/ControlRig_HalfCircle_1mm.uasset" 503
"../../../Engine/Plugins/Animation/ControlRig/Content/Controls/ControlRig_HalfCircle_1mm.uexp" 504
"../../../Engine/Plugins/Animation/ControlRig/Content/Controls/ControlRig_Diamond_solid.ubulk" 505
"../../../Engine/Plugins/Animation/ControlRig/Content/Controls/ControlRig_Diamond_solid.uasset" 506
"../../../Engine/Plugins/Animation/ControlRig/Content/Controls/ControlRig_Diamond_solid.uexp" 507
"../../../Engine/Plugins/Animation/ControlRig/Content/Controls/ControlRig_Diamond_3mm.ubulk" 508
"../../../Engine/Plugins/Animation/ControlRig/Content/Controls/ControlRig_Diamond_3mm.uasset" 509
"../../../Engine/Plugins/Animation/ControlRig/Content/Controls/ControlRig_Diamond_3mm.uexp" 510
"../../../Engine/Plugins/Animation/ControlRig/Content/Controls/ControlRig_Diamond_1mm.ubulk" 511
"../../../Engine/Plugins/Animation/ControlRig/Content/Controls/ControlRig_Diamond_1mm.uasset" 512
"../../../Engine/Plugins/Animation/ControlRig/Content/Controls/ControlRig_Diamond_1mm.uexp" 513
"../../../Engine/Plugins/Animation/ControlRig/Content/Controls/ControlRig_Circle_solid.ubulk" 514
"../../../Engine/Plugins/Animation/ControlRig/Content/Controls/ControlRig_Circle_solid.uasset" 515
"../../../Engine/Plugins/Animation/ControlRig/Content/Controls/ControlRig_Circle_solid.uexp" 516
"../../../Engine/Plugins/Animation/ControlRig/Content/Controls/ControlRig_Circle_3mm.ubulk" 517
"../../../Engine/Plugins/Animation/ControlRig/Content/Controls/ControlRig_Circle_3mm.uasset" 518
"../../../Engine/Plugins/Animation/ControlRig/Content/Controls/ControlRig_Circle_3mm.uexp" 519
"../../../Engine/Plugins/Animation/ControlRig/Content/Controls/ControlRig_Circle_1mm.ubulk" 520
"../../../Engine/Plugins/Animation/ControlRig/Content/Controls/ControlRig_Circle_1mm.uasset" 521
"../../../Engine/Plugins/Animation/ControlRig/Content/Controls/ControlRig_Circle_1mm.uexp" 522
"../../../Engine/Plugins/Animation/ControlRig/Content/Controls/ControlRig_Box_solid.ubulk" 523
"../../../Engine/Plugins/Animation/ControlRig/Content/Controls/ControlRig_Box_solid.uasset" 524
"../../../Engine/Plugins/Animation/ControlRig/Content/Controls/ControlRig_Box_solid.uexp" 525
"../../../Engine/Plugins/Animation/ControlRig/Content/Controls/ControlRig_Box_3mm.ubulk" 526
"../../../Engine/Plugins/Animation/ControlRig/Content/Controls/ControlRig_Box_3mm.uasset" 527
"../../../Engine/Plugins/Animation/ControlRig/Content/Controls/ControlRig_Box_3mm.uexp" 528
"../../../Engine/Plugins/Animation/ControlRig/Content/Controls/ControlRig_Box_1mm.ubulk" 529
"../../../Engine/Plugins/Animation/ControlRig/Content/Controls/ControlRig_Box_1mm.uasset" 530
"../../../Engine/Plugins/Animation/ControlRig/Content/Controls/ControlRig_Box_1mm.uexp" 531
"../../../Engine/Plugins/Animation/ControlRig/Content/Controls/ControlRig_Arrow_solid.ubulk" 532
"../../../Engine/Plugins/Animation/ControlRig/Content/Controls/ControlRig_Arrow_solid.uasset" 533
"../../../Engine/Plugins/Animation/ControlRig/Content/Controls/ControlRig_Arrow_solid.uexp" 534
"../../../Engine/Plugins/Animation/ControlRig/Content/Controls/ControlRig_Arrow_3mm.ubulk" 535
"../../../Engine/Plugins/Animation/ControlRig/Content/Controls/ControlRig_Arrow_3mm.uasset" 536
"../../../Engine/Plugins/Animation/ControlRig/Content/Controls/ControlRig_Arrow_3mm.uexp" 537
"../../../Engine/Plugins/Animation/ControlRig/Content/Controls/ControlRig_Arrow_1mm.ubulk" 538
"../../../Engine/Plugins/Animation/ControlRig/Content/Controls/ControlRig_Arrow_1mm.uasset" 539
"../../../Engine/Plugins/Animation/ControlRig/Content/Controls/ControlRig_Arrow_1mm.uexp" 540
"../../../Engine/Plugins/Animation/ControlRig/Content/Controls/ControlRig_Arrow4_solid.ubulk" 541
"../../../Engine/Plugins/Animation/ControlRig/Content/Controls/ControlRig_Arrow4_solid.uasset" 542
"../../../Engine/Plugins/Animation/ControlRig/Content/Controls/ControlRig_Arrow4_solid.uexp" 543
"../../../Engine/Plugins/Animation/ControlRig/Content/Controls/ControlRig_Arrow4_3mm.ubulk" 544
"../../../Engine/Plugins/Animation/ControlRig/Content/Controls/ControlRig_Arrow4_3mm.uasset" 545
"../../../Engine/Plugins/Animation/ControlRig/Content/Controls/ControlRig_Arrow4_3mm.uexp" 546
"../../../Engine/Plugins/Animation/ControlRig/Content/Controls/ControlRig_Arrow4_1mm.ubulk" 547
"../../../Engine/Plugins/Animation/ControlRig/Content/Controls/ControlRig_Arrow4_1mm.uasset" 548
"../../../Engine/Plugins/Animation/ControlRig/Content/Controls/ControlRig_Arrow4_1mm.uexp" 549
"../../../Engine/Plugins/Animation/ControlRig/Content/Controls/ControlRig_Arrow2_solid.ubulk" 550
"../../../Engine/Plugins/Animation/ControlRig/Content/Controls/ControlRig_Arrow2_solid.uasset" 551
"../../../Engine/Plugins/Animation/ControlRig/Content/Controls/ControlRig_Arrow2_solid.uexp" 552
"../../../Engine/Plugins/Animation/ControlRig/Content/Controls/ControlRig_Arrow2_3mm.ubulk" 553
"../../../Engine/Plugins/Animation/ControlRig/Content/Controls/ControlRig_Arrow2_3mm.uasset" 554
"../../../Engine/Plugins/Animation/ControlRig/Content/Controls/ControlRig_Arrow2_3mm.uexp" 555
"../../../Engine/Plugins/Animation/ControlRig/Content/Controls/ControlRig_Arrow2_1mm.ubulk" 556
"../../../Engine/Plugins/Animation/ControlRig/Content/Controls/ControlRig_Arrow2_1mm.uasset" 557
"../../../Engine/Plugins/Animation/ControlRig/Content/Controls/ControlRig_Arrow2_1mm.uexp" 558
"../../../Engine/Plugins/Animation/ControlRig/Content/Controls/ControlRigXRayMaterial.uasset" 559
"../../../Engine/Plugins/Animation/ControlRig/Content/Controls/ControlRigXRayMaterial.uexp" 560
"../../../Engine/Plugins/Animation/ControlRig/Content/Controls/ControlRigGizmoMaterial.uasset" 561
"../../../Engine/Plugins/Animation/ControlRig/Content/Controls/ControlRigGizmoMaterial.uexp" 562
"../../../Engine/Plugins/Editor/SpeedTreeImporter/Content/SpeedTree9/game_wind_noise.ubulk" 563
"../../../Engine/Plugins/Editor/SpeedTreeImporter/Content/SpeedTree9/game_wind_noise.uasset" 564
"../../../Engine/Plugins/Editor/SpeedTreeImporter/Content/SpeedTree9/game_wind_noise.uexp" 565
"../../../Engine/Plugins/Editor/SpeedTreeImporter/Content/SpeedTree9/UnpackDirection.uasset" 566
"../../../Engine/Plugins/Editor/SpeedTreeImporter/Content/SpeedTree9/UnpackDirection.uexp" 567
"../../../Engine/Content/Functions/Engine_MaterialFunctions02/ObjectLocalBounds.uasset" 568
"../../../Engine/Content/Functions/Engine_MaterialFunctions02/ObjectLocalBounds.uexp" 569
"../../../Engine/Content/Functions/Engine_MaterialFunctions02/UVs/BoundingBoxBased_0-1_UVW.uasset" 570
"../../../Engine/Content/Functions/Engine_MaterialFunctions02/UVs/BoundingBoxBased_0-1_UVW.uexp" 571
"../../../Engine/Content/Functions/Engine_MaterialFunctions02/Utility/VectorLength.uasset" 572
"../../../Engine/Content/Functions/Engine_MaterialFunctions02/Utility/VectorLength.uexp" 573
"../../../Engine/Plugins/Editor/SpeedTreeImporter/Content/SpeedTree9/UnpackInteger3.uasset" 574
"../../../Engine/Plugins/Editor/SpeedTreeImporter/Content/SpeedTree9/UnpackInteger3.uexp" 575
"../../../Engine/Plugins/Editor/SpeedTreeImporter/Content/SpeedTree9/SpeedTreeCameraFacing.uasset" 576
"../../../Engine/Plugins/Editor/SpeedTreeImporter/Content/SpeedTree9/SpeedTreeCameraFacing.uexp" 577
"../../../Engine/Content/Functions/Engine_MaterialFunctions02/WorldPositionOffset/ObjectScale.uasset" 578
"../../../Engine/Content/Functions/Engine_MaterialFunctions02/WorldPositionOffset/ObjectScale.uexp" 579
"../../../Engine/Content/Functions/Engine_MaterialFunctions02/SafeNormalize.uasset" 580
"../../../Engine/Content/Functions/Engine_MaterialFunctions02/SafeNormalize.uexp" 581
"../../../Engine/Plugins/Editor/SpeedTreeImporter/Content/SpeedTree9/SpeedTreeWindMotion.uasset" 582
"../../../Engine/Plugins/Editor/SpeedTreeImporter/Content/SpeedTree9/SpeedTreeWindMotion.uexp" 583
"../../../Engine/Plugins/Editor/SpeedTreeImporter/Content/SpeedTree9/SpeedTreeBranchMotion.uasset" 584
"../../../Engine/Plugins/Editor/SpeedTreeImporter/Content/SpeedTree9/SpeedTreeBranchMotion.uexp" 585
"../../../Engine/Plugins/Editor/SpeedTreeImporter/Content/SpeedTree9/SpeedTreeWind.uasset" 586
"../../../Engine/Plugins/Editor/SpeedTreeImporter/Content/SpeedTree9/SpeedTreeWind.uexp" 587
"../../../Engine/Plugins/Editor/SpeedTreeImporter/Content/SpeedTree9/EmptyNormal.uasset" 588
"../../../Engine/Plugins/Editor/SpeedTreeImporter/Content/SpeedTree9/EmptyNormal.uexp" 589
"../../../Engine/Plugins/Editor/SpeedTreeImporter/Content/SpeedTree9/Empty.uasset" 590
"../../../Engine/Plugins/Editor/SpeedTreeImporter/Content/SpeedTree9/Empty.uexp" 591
"../../../Engine/Plugins/Editor/SpeedTreeImporter/Content/SpeedTree9/SpeedTreeMaster.uasset" 592
"../../../Engine/Plugins/Editor/SpeedTreeImporter/Content/SpeedTree9/SpeedTreeMaster.uexp" 593
"../../../Engine/Plugins/Editor/SpeedTreeImporter/Content/SpeedTree9/SpeedTreeBillboard.uasset" 594
"../../../Engine/Plugins/Editor/SpeedTreeImporter/Content/SpeedTree9/SpeedTreeBillboard.uexp" 595
"../../../Engine/Plugins/Editor/SpeedTreeImporter/Content/SpeedTree9/SpeedTreeBillboardMaster.uasset" 596
"../../../Engine/Plugins/Editor/SpeedTreeImporter/Content/SpeedTree9/SpeedTreeBillboardMaster.uexp" 597
"../../../Engine/Plugins/Runtime/MeshModelingToolset/Content/Materials/M_DynamicMeshComponentVtxColor.uasset" 598
"../../../Engine/Plugins/Runtime/MeshModelingToolset/Content/Materials/M_DynamicMeshComponentVtxColor.uexp" 599
"../../../Engine/Plugins/Interchange/Runtime/Content/Pipelines/DefaultTexturePipeline.uasset" 600
"../../../Engine/Plugins/Interchange/Runtime/Content/Pipelines/DefaultTexturePipeline.uexp" 601
"../../../Engine/Plugins/Interchange/Runtime/Content/Pipelines/DefaultSceneLevelPipeline.uasset" 602
"../../../Engine/Plugins/Interchange/Runtime/Content/Pipelines/DefaultSceneLevelPipeline.uexp" 603
"../../../Engine/Plugins/Interchange/Runtime/Content/Pipelines/DefaultSceneAssetsPipeline.uasset" 604
"../../../Engine/Plugins/Interchange/Runtime/Content/Pipelines/DefaultSceneAssetsPipeline.uexp" 605
"../../../Engine/Plugins/Interchange/Runtime/Content/Pipelines/DefaultMaterialPipeline.uasset" 606
"../../../Engine/Plugins/Interchange/Runtime/Content/Pipelines/DefaultMaterialPipeline.uexp" 607
"../../../Engine/Plugins/Interchange/Runtime/Content/Pipelines/DefaultAssetsPipeline.uasset" 608
"../../../Engine/Plugins/Interchange/Runtime/Content/Pipelines/DefaultAssetsPipeline.uexp" 609
"../../../Engine/Plugins/Interchange/Runtime/Content/Materials/UnlitMaterial.uasset" 610
"../../../Engine/Plugins/Interchange/Runtime/Content/Materials/UnlitMaterial.uexp" 611
"../../../Engine/Content/EngineMaterials/DefaultNormal.ubulk" 612
"../../../Engine/Content/EngineMaterials/DefaultNormal.uasset" 613
"../../../Engine/Content/EngineMaterials/DefaultNormal.uexp" 614
"../../../Engine/Plugins/Interchange/Runtime/Content/Materials/MapOrScalarFunction.uasset" 615
"../../../Engine/Plugins/Interchange/Runtime/Content/Materials/MapOrScalarFunction.uexp" 616
"../../../Engine/Plugins/Interchange/Runtime/Content/Materials/MapOrLinearColorFunction.uasset" 617
"../../../Engine/Plugins/Interchange/Runtime/Content/Materials/MapOrLinearColorFunction.uexp" 618
"../../../Engine/Plugins/Interchange/Runtime/Content/Materials/MapOrColorFunction.uasset" 619
"../../../Engine/Plugins/Interchange/Runtime/Content/Materials/MapOrColorFunction.uexp" 620
"../../../Engine/Plugins/Interchange/Runtime/Content/Materials/CommonMaterial.uasset" 621
"../../../Engine/Plugins/Interchange/Runtime/Content/Materials/CommonMaterial.uexp" 622
"../../../Engine/Plugins/Interchange/Runtime/Content/Materials/PBRSurfaceFunction.uasset" 623
"../../../Engine/Plugins/Interchange/Runtime/Content/Materials/PBRSurfaceFunction.uexp" 624
"../../../Engine/Plugins/Interchange/Runtime/Content/Materials/ThinTranslucentMaterial.uasset" 625
"../../../Engine/Plugins/Interchange/Runtime/Content/Materials/ThinTranslucentMaterial.uexp" 626
"../../../Engine/Plugins/Interchange/Runtime/Content/Materials/SubsurfaceMaterial.uasset" 627
"../../../Engine/Plugins/Interchange/Runtime/Content/Materials/SubsurfaceMaterial.uexp" 628
"../../../Engine/Plugins/Interchange/Runtime/Content/Materials/SheenMaterial.uasset" 629
"../../../Engine/Plugins/Interchange/Runtime/Content/Materials/SheenMaterial.uexp" 630
"../../../Engine/Content/Functions/Engine_MaterialFunctions01/Shading/ConvertFromDiffSpec.uasset" 631
"../../../Engine/Content/Functions/Engine_MaterialFunctions01/Shading/ConvertFromDiffSpec.uexp" 632
"../../../Engine/Plugins/Interchange/Runtime/Content/Materials/PhongSurfaceMaterial.uasset" 633
"../../../Engine/Plugins/Interchange/Runtime/Content/Materials/PhongSurfaceMaterial.uexp" 634
"../../../Engine/Plugins/Interchange/Runtime/Content/Materials/PBRSurfaceMaterial.uasset" 635
"../../../Engine/Plugins/Interchange/Runtime/Content/Materials/PBRSurfaceMaterial.uexp" 636
"../../../Engine/Content/EngineMaterials/FlatNormal.uasset" 637
"../../../Engine/Content/EngineMaterials/FlatNormal.uexp" 638
"../../../Engine/Plugins/Interchange/Runtime/Content/Functions/MF_OrenNayerView.uasset" 639
"../../../Engine/Plugins/Interchange/Runtime/Content/Functions/MF_OrenNayerView.uexp" 640
"../../../Engine/Content/EditorLandscapeResources/WhiteSquareTexture.uasset" 641
"../../../Engine/Content/EditorLandscapeResources/WhiteSquareTexture.uexp" 642
"../../../Engine/Plugins/Interchange/Runtime/Content/Functions/MF_SchlickApprox.uasset" 643
"../../../Engine/Plugins/Interchange/Runtime/Content/Functions/MF_SchlickApprox.uexp" 644
"../../../Engine/Plugins/Interchange/Runtime/Content/Utilities/New_LUT.uasset" 645
"../../../Engine/Plugins/Interchange/Runtime/Content/Utilities/New_LUT.uexp" 646
"../../../Engine/Content/Functions/Engine_MaterialFunctions03/Math/RemapValueRange.uasset" 647
"../../../Engine/Content/Functions/Engine_MaterialFunctions03/Math/RemapValueRange.uexp" 648
"../../../Engine/Plugins/Interchange/Runtime/Content/Functions/MF_Iridescence.uasset" 649
"../../../Engine/Plugins/Interchange/Runtime/Content/Functions/MF_Iridescence.uexp" 650
"../../../Engine/Plugins/Interchange/Runtime/Content/Materials/OrenNayerMaterial.uasset" 651
"../../../Engine/Plugins/Interchange/Runtime/Content/Materials/OrenNayerMaterial.uexp" 652
"../../../Engine/Plugins/Interchange/Runtime/Content/Materials/LambertSurfaceMaterial.uasset" 653
"../../../Engine/Plugins/Interchange/Runtime/Content/Materials/LambertSurfaceMaterial.uexp" 654
"../../../Engine/Plugins/Interchange/Runtime/Content/Materials/ClearCoatMaterial.uasset" 655
"../../../Engine/Plugins/Interchange/Runtime/Content/Materials/ClearCoatMaterial.uexp" 656
"../../../Engine/Plugins/Interchange/Runtime/Content/gltf/Textures/T_Gray_Linear.uasset" 657
"../../../Engine/Plugins/Interchange/Runtime/Content/gltf/Textures/T_Gray_Linear.uexp" 658
"../../../Engine/Plugins/Interchange/Runtime/Content/gltf/Textures/T_Black_srgb.uasset" 659
"../../../Engine/Plugins/Interchange/Runtime/Content/gltf/Textures/T_Black_srgb.uexp" 660
"../../../Engine/Plugins/Interchange/Runtime/Content/gltf/MaterialFunctions/MF_RotateV2.uasset" 661
"../../../Engine/Plugins/Interchange/Runtime/Content/gltf/MaterialFunctions/MF_RotateV2.uexp" 662
"../../../Engine/Plugins/Interchange/Runtime/Content/gltf/MaterialFunctions/MF_TransformUVs.uasset" 663
"../../../Engine/Plugins/Interchange/Runtime/Content/gltf/MaterialFunctions/MF_TransformUVs.uexp" 664
"../../../Engine/Plugins/Interchange/Runtime/Content/gltf/Textures/T_White_srgb.uasset" 665
"../../../Engine/Plugins/Interchange/Runtime/Content/gltf/Textures/T_White_srgb.uexp" 666
"../../../Engine/Plugins/Interchange/Runtime/Content/gltf/MaterialFunctions/MF_BaseColor.uasset" 667
"../../../Engine/Plugins/Interchange/Runtime/Content/gltf/MaterialFunctions/MF_BaseColor.uexp" 668
"../../../Engine/Plugins/Interchange/Runtime/Content/gltf/MaterialFunctions/MF_DiffuseSpecGloss.uasset" 669
"../../../Engine/Plugins/Interchange/Runtime/Content/gltf/MaterialFunctions/MF_DiffuseSpecGloss.uexp" 670
"../../../Engine/Plugins/Interchange/Runtime/Content/gltf/Textures/T_White_Linear.uasset" 671
"../../../Engine/Plugins/Interchange/Runtime/Content/gltf/Textures/T_White_Linear.uexp" 672
"../../../Engine/Plugins/Interchange/Runtime/Content/gltf/MaterialFunctions/MF_MetallicRoughness.uasset" 673
"../../../Engine/Plugins/Interchange/Runtime/Content/gltf/MaterialFunctions/MF_MetallicRoughness.uexp" 674
"../../../Engine/Plugins/Interchange/Runtime/Content/gltf/MaterialFunctions/MF_Transmission.uasset" 675
"../../../Engine/Plugins/Interchange/Runtime/Content/gltf/MaterialFunctions/MF_Transmission.uexp" 676
"../../../Engine/Plugins/Interchange/Runtime/Content/gltf/MaterialFunctions/MF_Occlusion.uasset" 677
"../../../Engine/Plugins/Interchange/Runtime/Content/gltf/MaterialFunctions/MF_Occlusion.uexp" 678
"../../../Engine/Content/Functions/Engine_MaterialFunctions02/Texturing/CustomRotator.uasset" 679
"../../../Engine/Content/Functions/Engine_MaterialFunctions02/Texturing/CustomRotator.uexp" 680
"../../../Engine/Content/Functions/Engine_MaterialFunctions02/Texturing/ScreenAlignedPixelToPixelUVs.uasset" 681
"../../../Engine/Content/Functions/Engine_MaterialFunctions02/Texturing/ScreenAlignedPixelToPixelUVs.uexp" 682
"../../../Engine/Plugins/Interchange/Runtime/Content/Utilities/T_Bayer64_Grayscale_64px.uasset" 683
"../../../Engine/Plugins/Interchange/Runtime/Content/Utilities/T_Bayer64_Grayscale_64px.uexp" 684
"../../../Engine/Plugins/Interchange/Runtime/Content/gltf/MaterialFunctions/MF_Temporal_Blur.uasset" 685
"../../../Engine/Plugins/Interchange/Runtime/Content/gltf/MaterialFunctions/MF_Temporal_Blur.uexp" 686
"../../../Engine/Plugins/Interchange/Runtime/Content/gltf/MaterialFunctions/MF_Specular.uasset" 687
"../../../Engine/Plugins/Interchange/Runtime/Content/gltf/MaterialFunctions/MF_Specular.uexp" 688
"../../../Engine/Plugins/Interchange/Runtime/Content/gltf/MaterialFunctions/MF_IOR.uasset" 689
"../../../Engine/Plugins/Interchange/Runtime/Content/gltf/MaterialFunctions/MF_IOR.uexp" 690
"../../../Engine/Plugins/Interchange/Runtime/Content/gltf/MaterialFunctions/MF_Fresnel_DS.uasset" 691
"../../../Engine/Plugins/Interchange/Runtime/Content/gltf/MaterialFunctions/MF_Fresnel_DS.uexp" 692
"../../../Engine/Content/Functions/Engine_MaterialFunctions01/Texturing/FlattenNormal.uasset" 693
"../../../Engine/Content/Functions/Engine_MaterialFunctions01/Texturing/FlattenNormal.uexp" 694
"../../../Engine/Content/Functions/Engine_MaterialFunctions02/Math/Transform3x3Matrix.uasset" 695
"../../../Engine/Content/Functions/Engine_MaterialFunctions02/Math/Transform3x3Matrix.uexp" 696
"../../../Engine/Plugins/Interchange/Runtime/Content/gltf/MaterialFunctions/MF_RotateNormals_TS.uasset" 697
"../../../Engine/Plugins/Interchange/Runtime/Content/gltf/MaterialFunctions/MF_RotateNormals_TS.uexp" 698
"../../../Engine/Plugins/Interchange/Runtime/Content/gltf/Textures/T_Generic_N.uasset" 699
"../../../Engine/Plugins/Interchange/Runtime/Content/gltf/Textures/T_Generic_N.uexp" 700
"../../../Engine/Plugins/Interchange/Runtime/Content/gltf/MaterialFunctions/MF_Normals.uasset" 701
"../../../Engine/Plugins/Interchange/Runtime/Content/gltf/MaterialFunctions/MF_Normals.uexp" 702
"../../../Engine/Content/Functions/Engine_MaterialFunctions02/Math/AddComponents.uasset" 703
"../../../Engine/Content/Functions/Engine_MaterialFunctions02/Math/AddComponents.uexp" 704
"../../../Engine/Plugins/Interchange/Runtime/Content/gltf/MaterialFunctions/MF_PerceivedBrightness.uasset" 705
"../../../Engine/Plugins/Interchange/Runtime/Content/gltf/MaterialFunctions/MF_PerceivedBrightness.uexp" 706
"../../../Engine/Plugins/Interchange/Runtime/Content/gltf/MaterialFunctions/MF_SpecGlossToMetalRoughness.uasset" 707
"../../../Engine/Plugins/Interchange/Runtime/Content/gltf/MaterialFunctions/MF_SpecGlossToMetalRoughness.uexp" 708
"../../../Engine/Plugins/Interchange/Runtime/Content/gltf/M_Transmission.uasset" 709
"../../../Engine/Plugins/Interchange/Runtime/Content/gltf/M_Transmission.uexp" 710
"../../../Engine/Plugins/Interchange/Runtime/Content/gltf/MaterialInstances_SG/MI_Transmission_TS.uasset" 711
"../../../Engine/Plugins/Interchange/Runtime/Content/gltf/MaterialInstances_SG/MI_Transmission_TS.uexp" 712
"../../../Engine/Plugins/Interchange/Runtime/Content/gltf/MaterialInstances_SG/MI_Transmission.uasset" 713
"../../../Engine/Plugins/Interchange/Runtime/Content/gltf/MaterialInstances_SG/MI_Transmission.uexp" 714
"../../../Engine/Plugins/Interchange/Runtime/Content/gltf/MaterialFunctions/MF_Clearcoat.uasset" 715
"../../../Engine/Plugins/Interchange/Runtime/Content/gltf/MaterialFunctions/MF_Clearcoat.uexp" 716
"../../../Engine/Plugins/Interchange/Runtime/Content/gltf/MaterialFunctions/MF_Emissive.uasset" 717
"../../../Engine/Plugins/Interchange/Runtime/Content/gltf/MaterialFunctions/MF_Emissive.uexp" 718
"../../../Engine/Plugins/Interchange/Runtime/Content/gltf/M_Translucent.uasset" 719
"../../../Engine/Plugins/Interchange/Runtime/Content/gltf/M_Translucent.uexp" 720
"../../../Engine/Plugins/Interchange/Runtime/Content/gltf/MaterialInstances_SG/MI_Translucent_TS.uasset" 721
"../../../Engine/Plugins/Interchange/Runtime/Content/gltf/MaterialInstances_SG/MI_Translucent_TS.uexp" 722
"../../../Engine/Plugins/Interchange/Runtime/Content/gltf/MaterialInstances_SG/MI_Translucent_ClearCoat_TS.uasset" 723
"../../../Engine/Plugins/Interchange/Runtime/Content/gltf/MaterialInstances_SG/MI_Translucent_ClearCoat_TS.uexp" 724
"../../../Engine/Plugins/Interchange/Runtime/Content/gltf/MaterialInstances_SG/MI_Translucent_ClearCoat.uasset" 725
"../../../Engine/Plugins/Interchange/Runtime/Content/gltf/MaterialInstances_SG/MI_Translucent_ClearCoat.uexp" 726
"../../../Engine/Plugins/Interchange/Runtime/Content/gltf/MaterialInstances_SG/MI_Translucent.uasset" 727
"../../../Engine/Plugins/Interchange/Runtime/Content/gltf/MaterialInstances_SG/MI_Translucent.uexp" 728
"../../../Engine/Plugins/Interchange/Runtime/Content/gltf/M_Opaque.uasset" 729
"../../../Engine/Plugins/Interchange/Runtime/Content/gltf/M_Opaque.uexp" 730
"../../../Engine/Plugins/Interchange/Runtime/Content/gltf/MaterialInstances_SG/MI_Opaque_TS.uasset" 731
"../../../Engine/Plugins/Interchange/Runtime/Content/gltf/MaterialInstances_SG/MI_Opaque_TS.uexp" 732
"../../../Engine/Plugins/Interchange/Runtime/Content/gltf/MaterialFunctions/MF_Sheen.uasset" 733
"../../../Engine/Plugins/Interchange/Runtime/Content/gltf/MaterialFunctions/MF_Sheen.uexp" 734
"../../../Engine/Content/Functions/Engine_MaterialFunctions01/Shading/FuzzyShading.uasset" 735
"../../../Engine/Content/Functions/Engine_MaterialFunctions01/Shading/FuzzyShading.uexp" 736
"../../../Engine/Plugins/Interchange/Runtime/Content/gltf/M_Sheen.uasset" 737
"../../../Engine/Plugins/Interchange/Runtime/Content/gltf/M_Sheen.uexp" 738
"../../../Engine/Plugins/Interchange/Runtime/Content/gltf/MaterialInstances_SG/MI_Opaque_Sheen_TS.uasset" 739
"../../../Engine/Plugins/Interchange/Runtime/Content/gltf/MaterialInstances_SG/MI_Opaque_Sheen_TS.uexp" 740
"../../../Engine/Plugins/Interchange/Runtime/Content/gltf/MaterialInstances_SG/MI_Opaque_Sheen.uasset" 741
"../../../Engine/Plugins/Interchange/Runtime/Content/gltf/MaterialInstances_SG/MI_Opaque_Sheen.uexp" 742
"../../../Engine/Plugins/Interchange/Runtime/Content/gltf/MaterialInstances_SG/MI_Opaque_ClearCoat_TS.uasset" 743
"../../../Engine/Plugins/Interchange/Runtime/Content/gltf/MaterialInstances_SG/MI_Opaque_ClearCoat_TS.uexp" 744
"../../../Engine/Plugins/Interchange/Runtime/Content/gltf/MaterialInstances_SG/MI_Opaque_ClearCoat.uasset" 745
"../../../Engine/Plugins/Interchange/Runtime/Content/gltf/MaterialInstances_SG/MI_Opaque_ClearCoat.uexp" 746
"../../../Engine/Plugins/Interchange/Runtime/Content/gltf/MaterialInstances_SG/MI_Opaque.uasset" 747
"../../../Engine/Plugins/Interchange/Runtime/Content/gltf/MaterialInstances_SG/MI_Opaque.uexp" 748
"../../../Engine/Plugins/Interchange/Runtime/Content/gltf/MaterialInstances_MR/MI_Transmission_TS.uasset" 749
"../../../Engine/Plugins/Interchange/Runtime/Content/gltf/MaterialInstances_MR/MI_Transmission_TS.uexp" 750
"../../../Engine/Plugins/Interchange/Runtime/Content/gltf/MaterialInstances_MR/MI_Transmission.uasset" 751
"../../../Engine/Plugins/Interchange/Runtime/Content/gltf/MaterialInstances_MR/MI_Transmission.uexp" 752
"../../../Engine/Plugins/Interchange/Runtime/Content/gltf/MaterialInstances_MR/MI_Translucent_TS.uasset" 753
"../../../Engine/Plugins/Interchange/Runtime/Content/gltf/MaterialInstances_MR/MI_Translucent_TS.uexp" 754
"../../../Engine/Plugins/Interchange/Runtime/Content/gltf/MaterialInstances_MR/MI_Translucent_ClearCoat_TS.uasset" 755
"../../../Engine/Plugins/Interchange/Runtime/Content/gltf/MaterialInstances_MR/MI_Translucent_ClearCoat_TS.uexp" 756
"../../../Engine/Plugins/Interchange/Runtime/Content/gltf/MaterialInstances_MR/MI_Translucent_ClearCoat.uasset" 757
"../../../Engine/Plugins/Interchange/Runtime/Content/gltf/MaterialInstances_MR/MI_Translucent_ClearCoat.uexp" 758
"../../../Engine/Plugins/Interchange/Runtime/Content/gltf/MaterialInstances_MR/MI_Translucent.uasset" 759
"../../../Engine/Plugins/Interchange/Runtime/Content/gltf/MaterialInstances_MR/MI_Translucent.uexp" 760
"../../../Engine/Plugins/Interchange/Runtime/Content/gltf/M_Unlit.uasset" 761
"../../../Engine/Plugins/Interchange/Runtime/Content/gltf/M_Unlit.uexp" 762
"../../../Engine/Plugins/Interchange/Runtime/Content/gltf/MaterialInstances_MR/MI_Opaque_Unlit_TS.uasset" 763
"../../../Engine/Plugins/Interchange/Runtime/Content/gltf/MaterialInstances_MR/MI_Opaque_Unlit_TS.uexp" 764
"../../../Engine/Plugins/Interchange/Runtime/Content/gltf/MaterialInstances_MR/MI_Opaque_Unlit.uasset" 765
"../../../Engine/Plugins/Interchange/Runtime/Content/gltf/MaterialInstances_MR/MI_Opaque_Unlit.uexp" 766
"../../../Engine/Plugins/Interchange/Runtime/Content/gltf/MaterialInstances_MR/MI_Opaque_TS.uasset" 767
"../../../Engine/Plugins/Interchange/Runtime/Content/gltf/MaterialInstances_MR/MI_Opaque_TS.uexp" 768
"../../../Engine/Plugins/Interchange/Runtime/Content/gltf/MaterialInstances_MR/MI_Opaque_Sheen_TS.uasset" 769
"../../../Engine/Plugins/Interchange/Runtime/Content/gltf/MaterialInstances_MR/MI_Opaque_Sheen_TS.uexp" 770
"../../../Engine/Plugins/Interchange/Runtime/Content/gltf/MaterialInstances_MR/MI_Opaque_Sheen.uasset" 771
"../../../Engine/Plugins/Interchange/Runtime/Content/gltf/MaterialInstances_MR/MI_Opaque_Sheen.uexp" 772
"../../../Engine/Plugins/Interchange/Runtime/Content/gltf/MaterialInstances_MR/MI_Opaque_ClearCoat_TS.uasset" 773
"../../../Engine/Plugins/Interchange/Runtime/Content/gltf/MaterialInstances_MR/MI_Opaque_ClearCoat_TS.uexp" 774
"../../../Engine/Plugins/Interchange/Runtime/Content/gltf/MaterialInstances_MR/MI_Opaque_ClearCoat.uasset" 775
"../../../Engine/Plugins/Interchange/Runtime/Content/gltf/MaterialInstances_MR/MI_Opaque_ClearCoat.uexp" 776
"../../../Engine/Plugins/Interchange/Runtime/Content/gltf/MaterialInstances_MR/MI_Opaque.uasset" 777
"../../../Engine/Plugins/Interchange/Runtime/Content/gltf/MaterialInstances_MR/MI_Opaque.uexp" 778
"../../../Engine/Content/Functions/Engine_MaterialFunctions02/WorldPositionOffset/V2/ObjectScale.uasset" 779
"../../../Engine/Content/Functions/Engine_MaterialFunctions02/WorldPositionOffset/V2/ObjectScale.uexp" 780
"../../../Engine/Plugins/Interchange/Runtime/Content/gltf/MaterialFunctions/MF_TransmissionOpacity.uasset" 781
"../../../Engine/Plugins/Interchange/Runtime/Content/gltf/MaterialFunctions/MF_TransmissionOpacity.uexp" 782
"../../../Engine/Plugins/Interchange/Runtime/Content/Functions/MX_Transmission.uasset" 783
"../../../Engine/Plugins/Interchange/Runtime/Content/Functions/MX_Transmission.uexp" 784
"../../../Engine/Plugins/Interchange/Runtime/Content/Functions/MX_StandardSurface.uasset" 785
"../../../Engine/Plugins/Interchange/Runtime/Content/Functions/MX_StandardSurface.uexp" 786
"../../../Engine/Plugins/Interchange/Runtime/Content/Functions/MX_TransmissionSurface.uasset" 787
"../../../Engine/Plugins/Interchange/Runtime/Content/Functions/MX_TransmissionSurface.uexp" 788
"../../../Engine/Content/Maps/Templates/HLODs/HLODLayer_Instanced.uasset" 789
"../../../Engine/Content/Maps/Templates/HLODs/HLODLayer_Instanced.uexp" 790
"C:/Users/dilan/OneDrive/Documentos/Unreal Projects/AnimationProject/Content/StarterContent/Textures/T_Smoke_SubUV.ubulk" 791
"C:/Users/dilan/OneDrive/Documentos/Unreal Projects/AnimationProject/Content/StarterContent/Textures/T_Smoke_SubUV.uasset" 792
"C:/Users/dilan/OneDrive/Documentos/Unreal Projects/AnimationProject/Content/StarterContent/Textures/T_Smoke_SubUV.uexp" 793
"C:/Users/dilan/OneDrive/Documentos/Unreal Projects/AnimationProject/Content/StarterContent/Textures/T_Smoke_Tiled_D.ubulk" 794
"C:/Users/dilan/OneDrive/Documentos/Unreal Projects/AnimationProject/Content/StarterContent/Textures/T_Smoke_Tiled_D.uasset" 795
"C:/Users/dilan/OneDrive/Documentos/Unreal Projects/AnimationProject/Content/StarterContent/Textures/T_Smoke_Tiled_D.uexp" 796
"C:/Users/dilan/OneDrive/Documentos/Unreal Projects/AnimationProject/Content/StarterContent/Particles/Materials/M_smoke_subUV.uasset" 797
"C:/Users/dilan/OneDrive/Documentos/Unreal Projects/AnimationProject/Content/StarterContent/Particles/Materials/M_smoke_subUV.uexp" 798
"C:/Users/dilan/OneDrive/Documentos/Unreal Projects/AnimationProject/Content/StarterContent/Textures/T_Burst_M.ubulk" 799
"C:/Users/dilan/OneDrive/Documentos/Unreal Projects/AnimationProject/Content/StarterContent/Textures/T_Burst_M.uasset" 800
"C:/Users/dilan/OneDrive/Documentos/Unreal Projects/AnimationProject/Content/StarterContent/Textures/T_Burst_M.uexp" 801
"C:/Users/dilan/OneDrive/Documentos/Unreal Projects/AnimationProject/Content/StarterContent/Particles/Materials/M_Burst.uasset" 802
"C:/Users/dilan/OneDrive/Documentos/Unreal Projects/AnimationProject/Content/StarterContent/Particles/Materials/M_Burst.uexp" 803
"C:/Users/dilan/OneDrive/Documentos/Unreal Projects/AnimationProject/Content/StarterContent/Particles/Materials/m_flare_01.uasset" 804
"C:/Users/dilan/OneDrive/Documentos/Unreal Projects/AnimationProject/Content/StarterContent/Particles/Materials/m_flare_01.uexp" 805
"C:/Users/dilan/OneDrive/Documentos/Unreal Projects/AnimationProject/Content/StarterContent/Textures/T_Explosion_SubUV.ubulk" 806
"C:/Users/dilan/OneDrive/Documentos/Unreal Projects/AnimationProject/Content/StarterContent/Textures/T_Explosion_SubUV.uasset" 807
"C:/Users/dilan/OneDrive/Documentos/Unreal Projects/AnimationProject/Content/StarterContent/Textures/T_Explosion_SubUV.uexp" 808
"C:/Users/dilan/OneDrive/Documentos/Unreal Projects/AnimationProject/Content/StarterContent/Particles/Materials/M_explosion_subUV.uasset" 809
"C:/Users/dilan/OneDrive/Documentos/Unreal Projects/AnimationProject/Content/StarterContent/Particles/Materials/M_explosion_subUV.uexp" 810
"../../../Engine/Content/Functions/Engine_MaterialFunctions01/Gradient/RadialGradient.uasset" 811
"../../../Engine/Content/Functions/Engine_MaterialFunctions01/Gradient/RadialGradient.uexp" 812
"C:/Users/dilan/OneDrive/Documentos/Unreal Projects/AnimationProject/Content/StarterContent/Particles/Materials/M_radial_ramp.uasset" 813
"C:/Users/dilan/OneDrive/Documentos/Unreal Projects/AnimationProject/Content/StarterContent/Particles/Materials/M_radial_ramp.uexp" 814
"C:/Users/dilan/OneDrive/Documentos/Unreal Projects/AnimationProject/Content/StarterContent/Particles/P_Explosion.uasset" 815
"C:/Users/dilan/OneDrive/Documentos/Unreal Projects/AnimationProject/Content/StarterContent/Particles/P_Explosion.uexp" 816
"C:/Users/dilan/OneDrive/Documentos/Unreal Projects/AnimationProject/Content/FX/FBXNoSubdiv/AK.uasset" 817
"C:/Users/dilan/OneDrive/Documentos/Unreal Projects/AnimationProject/Content/FX/FBXNoSubdiv/AK.uexp" 818
"C:/Users/dilan/OneDrive/Documentos/Unreal Projects/AnimationProject/Content/FX/FBXNoSubdiv/AK47NoSubdiv.ubulk" 819
"C:/Users/dilan/OneDrive/Documentos/Unreal Projects/AnimationProject/Content/FX/FBXNoSubdiv/AK47NoSubdiv.uasset" 820
"C:/Users/dilan/OneDrive/Documentos/Unreal Projects/AnimationProject/Content/FX/FBXNoSubdiv/AK47NoSubdiv.uexp" 821
"C:/Users/dilan/OneDrive/Documentos/Unreal Projects/AnimationProject/Content/FX/Basic_Shooter_Pack/ely-vanguardsoldier-kerwinatienza_specular.ubulk" 822
"C:/Users/dilan/OneDrive/Documentos/Unreal Projects/AnimationProject/Content/FX/Basic_Shooter_Pack/ely-vanguardsoldier-kerwinatienza_specular.uasset" 823
"C:/Users/dilan/OneDrive/Documentos/Unreal Projects/AnimationProject/Content/FX/Basic_Shooter_Pack/ely-vanguardsoldier-kerwinatienza_specular.uexp" 824
"C:/Users/dilan/OneDrive/Documentos/Unreal Projects/AnimationProject/Content/FX/Basic_Shooter_Pack/ely-vanguardsoldier-kerwinatienza_normal.ubulk" 825
"C:/Users/dilan/OneDrive/Documentos/Unreal Projects/AnimationProject/Content/FX/Basic_Shooter_Pack/ely-vanguardsoldier-kerwinatienza_normal.uasset" 826
"C:/Users/dilan/OneDrive/Documentos/Unreal Projects/AnimationProject/Content/FX/Basic_Shooter_Pack/ely-vanguardsoldier-kerwinatienza_normal.uexp" 827
"C:/Users/dilan/OneDrive/Documentos/Unreal Projects/AnimationProject/Content/FX/Basic_Shooter_Pack/ely-vanguardsoldier-kerwinatienza_glow.ubulk" 828
"C:/Users/dilan/OneDrive/Documentos/Unreal Projects/AnimationProject/Content/FX/Basic_Shooter_Pack/ely-vanguardsoldier-kerwinatienza_glow.uasset" 829
"C:/Users/dilan/OneDrive/Documentos/Unreal Projects/AnimationProject/Content/FX/Basic_Shooter_Pack/ely-vanguardsoldier-kerwinatienza_glow.uexp" 830
"C:/Users/dilan/OneDrive/Documentos/Unreal Projects/AnimationProject/Content/FX/Basic_Shooter_Pack/ely-vanguardsoldier-kerwinatienza_diffuse.ubulk" 831
"C:/Users/dilan/OneDrive/Documentos/Unreal Projects/AnimationProject/Content/FX/Basic_Shooter_Pack/ely-vanguardsoldier-kerwinatienza_diffuse.uasset" 832
"C:/Users/dilan/OneDrive/Documentos/Unreal Projects/AnimationProject/Content/FX/Basic_Shooter_Pack/ely-vanguardsoldier-kerwinatienza_diffuse.uexp" 833
"C:/Users/dilan/OneDrive/Documentos/Unreal Projects/AnimationProject/Content/FX/Basic_Shooter_Pack/ely_vanguardsoldier_kerwinatienza_M2.uasset" 834
"C:/Users/dilan/OneDrive/Documentos/Unreal Projects/AnimationProject/Content/FX/Basic_Shooter_Pack/ely_vanguardsoldier_kerwinatienza_M2.uexp" 835
"C:/Users/dilan/OneDrive/Documentos/Unreal Projects/AnimationProject/Content/FX/Basic_Shooter_Pack_Ver02/Basic_Shooter_Pack/Ely_By_K_Atienza_PhysicsAsset.uasset" 836
"C:/Users/dilan/OneDrive/Documentos/Unreal Projects/AnimationProject/Content/FX/Basic_Shooter_Pack_Ver02/Basic_Shooter_Pack/Ely_By_K_Atienza_PhysicsAsset.uexp" 837
"C:/Users/dilan/OneDrive/Documentos/Unreal Projects/AnimationProject/Content/FX/Basic_Shooter_Pack_Ver02/Basic_Shooter_Pack/Ely_By_K_Atienza_Skeleton.uasset" 838
"C:/Users/dilan/OneDrive/Documentos/Unreal Projects/AnimationProject/Content/FX/Basic_Shooter_Pack_Ver02/Basic_Shooter_Pack/Ely_By_K_Atienza_Skeleton.uexp" 839
"C:/Users/dilan/OneDrive/Documentos/Unreal Projects/AnimationProject/Content/FX/Basic_Shooter_Pack_Ver02/Basic_Shooter_Pack/Player_Mesh.uasset" 840
"C:/Users/dilan/OneDrive/Documentos/Unreal Projects/AnimationProject/Content/FX/Basic_Shooter_Pack_Ver02/Basic_Shooter_Pack/Player_Mesh.uexp" 841
"C:/Users/dilan/OneDrive/Documentos/Unreal Projects/AnimationProject/Content/Characters/Mannequins/Textures/Quinn/T_Quinn_01ID_MSR_MSK.ubulk" 842
"C:/Users/dilan/OneDrive/Documentos/Unreal Projects/AnimationProject/Content/Characters/Mannequins/Textures/Quinn/T_Quinn_01ID_MSR_MSK.uasset" 843
"C:/Users/dilan/OneDrive/Documentos/Unreal Projects/AnimationProject/Content/Characters/Mannequins/Textures/Quinn/T_Quinn_01ID_MSR_MSK.uexp" 844
"C:/Users/dilan/OneDrive/Documentos/Unreal Projects/AnimationProject/Content/Characters/Mannequins/Materials/Functions/ChromaticCurve.uasset" 845
"C:/Users/dilan/OneDrive/Documentos/Unreal Projects/AnimationProject/Content/Characters/Mannequins/Materials/Functions/ChromaticCurve.uexp" 846
"C:/Users/dilan/OneDrive/Documentos/Unreal Projects/AnimationProject/Content/Characters/Mannequins/Materials/Functions/CA_Mannequin.uasset" 847
"C:/Users/dilan/OneDrive/Documentos/Unreal Projects/AnimationProject/Content/Characters/Mannequins/Materials/Functions/CA_Mannequin.uexp" 848
"C:/Users/dilan/OneDrive/Documentos/Unreal Projects/AnimationProject/Content/Characters/Mannequins/Materials/Functions/MF_Diffraction.uasset" 849
"C:/Users/dilan/OneDrive/Documentos/Unreal Projects/AnimationProject/Content/Characters/Mannequins/Materials/Functions/MF_Diffraction.uexp" 850
"C:/Users/dilan/OneDrive/Documentos/Unreal Projects/AnimationProject/Content/Characters/Mannequins/Textures/Manny/T_Manny_01_N.ubulk" 851
"C:/Users/dilan/OneDrive/Documentos/Unreal Projects/AnimationProject/Content/Characters/Mannequins/Textures/Manny/T_Manny_01_N.uasset" 852
"C:/Users/dilan/OneDrive/Documentos/Unreal Projects/AnimationProject/Content/Characters/Mannequins/Textures/Manny/T_Manny_01_N.uexp" 853
"C:/Users/dilan/OneDrive/Documentos/Unreal Projects/AnimationProject/Content/Characters/Mannequins/Materials/Functions/ML_BaseColorFallOff.uasset" 854
"C:/Users/dilan/OneDrive/Documentos/Unreal Projects/AnimationProject/Content/Characters/Mannequins/Materials/Functions/ML_BaseColorFallOff.uexp" 855
"../../../Engine/Content/Functions/Engine_MaterialFunctions01/Texturing/ScaleUVsByCenter.uasset" 856
"../../../Engine/Content/Functions/Engine_MaterialFunctions01/Texturing/ScaleUVsByCenter.uexp" 857
"C:/Users/dilan/OneDrive/Documentos/Unreal Projects/AnimationProject/Content/Characters/Mannequins/Textures/Shared/T_UE_Logo_M.uasset" 858
"C:/Users/dilan/OneDrive/Documentos/Unreal Projects/AnimationProject/Content/Characters/Mannequins/Textures/Shared/T_UE_Logo_M.uexp" 859
"C:/Users/dilan/OneDrive/Documentos/Unreal Projects/AnimationProject/Content/Characters/Mannequins/Materials/Functions/MF_logo3layers.uasset" 860
"C:/Users/dilan/OneDrive/Documentos/Unreal Projects/AnimationProject/Content/Characters/Mannequins/Materials/Functions/MF_logo3layers.uexp" 861
"C:/Users/dilan/OneDrive/Documentos/Unreal Projects/AnimationProject/Content/Characters/Mannequins/Textures/Manny/T_Manny_01_CCRCCPlastic_MSK.ubulk" 862
"C:/Users/dilan/OneDrive/Documentos/Unreal Projects/AnimationProject/Content/Characters/Mannequins/Textures/Manny/T_Manny_01_CCRCCPlastic_MSK.uasset" 863
"C:/Users/dilan/OneDrive/Documentos/Unreal Projects/AnimationProject/Content/Characters/Mannequins/Textures/Manny/T_Manny_01_CCRCCPlastic_MSK.uexp" 864
"C:/Users/dilan/OneDrive/Documentos/Unreal Projects/AnimationProject/Content/Characters/Mannequins/Textures/Manny/T_Manny_01_ASAOPMASK_MSK.ubulk" 865
"C:/Users/dilan/OneDrive/Documentos/Unreal Projects/AnimationProject/Content/Characters/Mannequins/Textures/Manny/T_Manny_01_ASAOPMASK_MSK.uasset" 866
"C:/Users/dilan/OneDrive/Documentos/Unreal Projects/AnimationProject/Content/Characters/Mannequins/Textures/Manny/T_Manny_01_ASAOPMASK_MSK.uexp" 867
"C:/Users/dilan/OneDrive/Documentos/Unreal Projects/AnimationProject/Content/Characters/Mannequins/Textures/Manny/T_Manny_01_MSR_MSK.ubulk" 868
"C:/Users/dilan/OneDrive/Documentos/Unreal Projects/AnimationProject/Content/Characters/Mannequins/Textures/Manny/T_Manny_01_MSR_MSK.uasset" 869
"C:/Users/dilan/OneDrive/Documentos/Unreal Projects/AnimationProject/Content/Characters/Mannequins/Textures/Manny/T_Manny_01_MSR_MSK.uexp" 870
"C:/Users/dilan/OneDrive/Documentos/Unreal Projects/AnimationProject/Content/Characters/Mannequins/Textures/Manny/T_Manny_01_BN.ubulk" 871
"C:/Users/dilan/OneDrive/Documentos/Unreal Projects/AnimationProject/Content/Characters/Mannequins/Textures/Manny/T_Manny_01_BN.uasset" 872
"C:/Users/dilan/OneDrive/Documentos/Unreal Projects/AnimationProject/Content/Characters/Mannequins/Textures/Manny/T_Manny_01_BN.uexp" 873
"C:/Users/dilan/OneDrive/Documentos/Unreal Projects/AnimationProject/Content/Characters/Mannequins/Textures/Manny/T_Manny_01_D.ubulk" 874
"C:/Users/dilan/OneDrive/Documentos/Unreal Projects/AnimationProject/Content/Characters/Mannequins/Textures/Manny/T_Manny_01_D.uasset" 875
"C:/Users/dilan/OneDrive/Documentos/Unreal Projects/AnimationProject/Content/Characters/Mannequins/Textures/Manny/T_Manny_01_D.uexp" 876
"C:/Users/dilan/OneDrive/Documentos/Unreal Projects/AnimationProject/Content/Characters/Mannequins/Textures/Manny/T_Manny_01_Tan.ubulk" 877
"C:/Users/dilan/OneDrive/Documentos/Unreal Projects/AnimationProject/Content/Characters/Mannequins/Textures/Manny/T_Manny_01_Tan.uasset" 878
"C:/Users/dilan/OneDrive/Documentos/Unreal Projects/AnimationProject/Content/Characters/Mannequins/Textures/Manny/T_Manny_01_Tan.uexp" 879
"C:/Users/dilan/OneDrive/Documentos/Unreal Projects/AnimationProject/Content/Characters/Mannequins/Materials/M_Mannequin.uasset" 880
"C:/Users/dilan/OneDrive/Documentos/Unreal Projects/AnimationProject/Content/Characters/Mannequins/Materials/M_Mannequin.uexp" 881
"C:/Users/dilan/OneDrive/Documentos/Unreal Projects/AnimationProject/Content/Characters/Mannequins/Textures/Quinn/T_Quinn_01_ASAOMASK_MSK.ubulk" 882
"C:/Users/dilan/OneDrive/Documentos/Unreal Projects/AnimationProject/Content/Characters/Mannequins/Textures/Quinn/T_Quinn_01_ASAOMASK_MSK.uasset" 883
"C:/Users/dilan/OneDrive/Documentos/Unreal Projects/AnimationProject/Content/Characters/Mannequins/Textures/Quinn/T_Quinn_01_ASAOMASK_MSK.uexp" 884
"C:/Users/dilan/OneDrive/Documentos/Unreal Projects/AnimationProject/Content/Characters/Mannequins/Textures/Quinn/T_Quinn_01ID_N.ubulk" 885
"C:/Users/dilan/OneDrive/Documentos/Unreal Projects/AnimationProject/Content/Characters/Mannequins/Textures/Quinn/T_Quinn_01ID_N.uasset" 886
"C:/Users/dilan/OneDrive/Documentos/Unreal Projects/AnimationProject/Content/Characters/Mannequins/Textures/Quinn/T_Quinn_01ID_N.uexp" 887
"C:/Users/dilan/OneDrive/Documentos/Unreal Projects/AnimationProject/Content/Characters/Mannequins/Textures/Quinn/T_Quinn_01ID_BN.ubulk" 888
"C:/Users/dilan/OneDrive/Documentos/Unreal Projects/AnimationProject/Content/Characters/Mannequins/Textures/Quinn/T_Quinn_01ID_BN.uasset" 889
"C:/Users/dilan/OneDrive/Documentos/Unreal Projects/AnimationProject/Content/Characters/Mannequins/Textures/Quinn/T_Quinn_01ID_BN.uexp" 890
"C:/Users/dilan/OneDrive/Documentos/Unreal Projects/AnimationProject/Content/Characters/Mannequins/Textures/Quinn/T_Quinn_01ID_D.ubulk" 891
"C:/Users/dilan/OneDrive/Documentos/Unreal Projects/AnimationProject/Content/Characters/Mannequins/Textures/Quinn/T_Quinn_01ID_D.uasset" 892
"C:/Users/dilan/OneDrive/Documentos/Unreal Projects/AnimationProject/Content/Characters/Mannequins/Textures/Quinn/T_Quinn_01ID_D.uexp" 893
"C:/Users/dilan/OneDrive/Documentos/Unreal Projects/AnimationProject/Content/Characters/Mannequins/Textures/Quinn/T_Quinn_01ID_Tan.ubulk" 894
"C:/Users/dilan/OneDrive/Documentos/Unreal Projects/AnimationProject/Content/Characters/Mannequins/Textures/Quinn/T_Quinn_01ID_Tan.uasset" 895
"C:/Users/dilan/OneDrive/Documentos/Unreal Projects/AnimationProject/Content/Characters/Mannequins/Textures/Quinn/T_Quinn_01ID_Tan.uexp" 896
"C:/Users/dilan/OneDrive/Documentos/Unreal Projects/AnimationProject/Content/Characters/Mannequins/Textures/Quinn/T_Quinn_01_CCRCCPlastic_MSK.ubulk" 897
"C:/Users/dilan/OneDrive/Documentos/Unreal Projects/AnimationProject/Content/Characters/Mannequins/Textures/Quinn/T_Quinn_01_CCRCCPlastic_MSK.uasset" 898
"C:/Users/dilan/OneDrive/Documentos/Unreal Projects/AnimationProject/Content/Characters/Mannequins/Textures/Quinn/T_Quinn_01_CCRCCPlastic_MSK.uexp" 899
"C:/Users/dilan/OneDrive/Documentos/Unreal Projects/AnimationProject/Content/Characters/Mannequins/Materials/Instances/Quinn/MI_Quinn_01.uasset" 900
"C:/Users/dilan/OneDrive/Documentos/Unreal Projects/AnimationProject/Content/Characters/Mannequins/Materials/Instances/Quinn/MI_Quinn_01.uexp" 901
"C:/Users/dilan/OneDrive/Documentos/Unreal Projects/AnimationProject/Content/ThirdPerson/Input/Actions/IA_Jump.uasset" 902
"C:/Users/dilan/OneDrive/Documentos/Unreal Projects/AnimationProject/Content/ThirdPerson/Input/Actions/IA_Jump.uexp" 903
"C:/Users/dilan/OneDrive/Documentos/Unreal Projects/AnimationProject/Content/FX/Enemy/Mutant_Skeleton.uasset" 904
"C:/Users/dilan/OneDrive/Documentos/Unreal Projects/AnimationProject/Content/FX/Enemy/Mutant_Skeleton.uexp" 905
"../../../Engine/Content/Animation/DefaultAnimCurveCompressionSettings.uasset" 906
"../../../Engine/Content/Animation/DefaultAnimCurveCompressionSettings.uexp" 907
"../../../Engine/Content/Animation/DefaultAnimBoneCompressionSettings.uasset" 908
"../../../Engine/Content/Animation/DefaultAnimBoneCompressionSettings.uexp" 909
"C:/Users/dilan/OneDrive/Documentos/Unreal Projects/AnimationProject/Content/FX/Enemy/Mutant_Idle_Anim.uasset" 910
"C:/Users/dilan/OneDrive/Documentos/Unreal Projects/AnimationProject/Content/FX/Enemy/Mutant_Idle_Anim.uexp" 911
"C:/Users/dilan/OneDrive/Documentos/Unreal Projects/AnimationProject/Content/FX/Enemy/Mutant_Run_Anim.uasset" 912
"C:/Users/dilan/OneDrive/Documentos/Unreal Projects/AnimationProject/Content/FX/Enemy/Mutant_Run_Anim.uexp" 913
"C:/Users/dilan/OneDrive/Documentos/Unreal Projects/AnimationProject/Content/ThirdPerson/Blueprints/Enemy/EnemyAnimator.uasset" 914
"C:/Users/dilan/OneDrive/Documentos/Unreal Projects/AnimationProject/Content/ThirdPerson/Blueprints/Enemy/EnemyAnimator.uexp" 915
"C:/Users/dilan/OneDrive/Documentos/Unreal Projects/AnimationProject/Content/FX/Enemy/Mutant_Swiping_Anim.uasset" 916
"C:/Users/dilan/OneDrive/Documentos/Unreal Projects/AnimationProject/Content/FX/Enemy/Mutant_Swiping_Anim.uexp" 917
"C:/Users/dilan/OneDrive/Documentos/Unreal Projects/AnimationProject/Content/ThirdPerson/Blueprints/Enemy/EnemyMontage.uasset" 918
"C:/Users/dilan/OneDrive/Documentos/Unreal Projects/AnimationProject/Content/ThirdPerson/Blueprints/Enemy/EnemyMontage.uexp" 919
"C:/Users/dilan/OneDrive/Documentos/Unreal Projects/AnimationProject/Content/FX/Enemy/Mutant_normal.ubulk" 920
"C:/Users/dilan/OneDrive/Documentos/Unreal Projects/AnimationProject/Content/FX/Enemy/Mutant_normal.uasset" 921
"C:/Users/dilan/OneDrive/Documentos/Unreal Projects/AnimationProject/Content/FX/Enemy/Mutant_normal.uexp" 922
"C:/Users/dilan/OneDrive/Documentos/Unreal Projects/AnimationProject/Content/FX/Enemy/Mutant_diffuse.ubulk" 923
"C:/Users/dilan/OneDrive/Documentos/Unreal Projects/AnimationProject/Content/FX/Enemy/Mutant_diffuse.uasset" 924
"C:/Users/dilan/OneDrive/Documentos/Unreal Projects/AnimationProject/Content/FX/Enemy/Mutant_diffuse.uexp" 925
"C:/Users/dilan/OneDrive/Documentos/Unreal Projects/AnimationProject/Content/FX/Enemy/mutant_M.uasset" 926
"C:/Users/dilan/OneDrive/Documentos/Unreal Projects/AnimationProject/Content/FX/Enemy/mutant_M.uexp" 927
"C:/Users/dilan/OneDrive/Documentos/Unreal Projects/AnimationProject/Content/FX/Enemy/Mutant_PhysicsAsset.uasset" 928
"C:/Users/dilan/OneDrive/Documentos/Unreal Projects/AnimationProject/Content/FX/Enemy/Mutant_PhysicsAsset.uexp" 929
"C:/Users/dilan/OneDrive/Documentos/Unreal Projects/AnimationProject/Content/FX/Enemy/Mutant.uasset" 930
"C:/Users/dilan/OneDrive/Documentos/Unreal Projects/AnimationProject/Content/FX/Enemy/Mutant.uexp" 931
"C:/Users/dilan/OneDrive/Documentos/Unreal Projects/AnimationProject/Content/ThirdPerson/Blueprints/Enemy/Attack.uasset" 932
"C:/Users/dilan/OneDrive/Documentos/Unreal Projects/AnimationProject/Content/ThirdPerson/Blueprints/Enemy/Attack.uexp" 933
"C:/Users/dilan/OneDrive/Documentos/Unreal Projects/AnimationProject/Content/ThirdPerson/Blueprints/Enemy/DistanceToPlayer.uasset" 934
"C:/Users/dilan/OneDrive/Documentos/Unreal Projects/AnimationProject/Content/ThirdPerson/Blueprints/Enemy/DistanceToPlayer.uexp" 935
"C:/Users/dilan/OneDrive/Documentos/Unreal Projects/AnimationProject/Content/ThirdPerson/Blueprints/Enemy/MyEnemyBlackboardData.uasset" 936
"C:/Users/dilan/OneDrive/Documentos/Unreal Projects/AnimationProject/Content/ThirdPerson/Blueprints/Enemy/MyEnemyBlackboardData.uexp" 937
"C:/Users/dilan/OneDrive/Documentos/Unreal Projects/AnimationProject/Content/ThirdPerson/Blueprints/Enemy/MyEnemyBehaviorTree.uasset" 938
"C:/Users/dilan/OneDrive/Documentos/Unreal Projects/AnimationProject/Content/ThirdPerson/Blueprints/Enemy/MyEnemyBehaviorTree.uexp" 939
"C:/Users/dilan/OneDrive/Documentos/Unreal Projects/AnimationProject/Content/ThirdPerson/Blueprints/Enemy/MyEnemyAIController.uasset" 940
"C:/Users/dilan/OneDrive/Documentos/Unreal Projects/AnimationProject/Content/ThirdPerson/Blueprints/Enemy/MyEnemyAIController.uexp" 941
"../../../Engine/Content/EditorBlueprintResources/StandardMacros.uasset" 942
"../../../Engine/Content/EditorBlueprintResources/StandardMacros.uexp" 943
"C:/Users/dilan/OneDrive/Documentos/Unreal Projects/AnimationProject/Content/FX/Enemy/Mutant_Dying_Anim.uasset" 944
"C:/Users/dilan/OneDrive/Documentos/Unreal Projects/AnimationProject/Content/FX/Enemy/Mutant_Dying_Anim.uexp" 945
"C:/Users/dilan/OneDrive/Documentos/Unreal Projects/AnimationProject/Content/ThirdPerson/Blueprints/Enemy/DyingMontage.uasset" 946
"C:/Users/dilan/OneDrive/Documentos/Unreal Projects/AnimationProject/Content/ThirdPerson/Blueprints/Enemy/DyingMontage.uexp" 947
"C:/Users/dilan/OneDrive/Documentos/Unreal Projects/AnimationProject/Content/ThirdPerson/Blueprints/Enemy/MyEnemy.uasset" 948
"C:/Users/dilan/OneDrive/Documentos/Unreal Projects/AnimationProject/Content/ThirdPerson/Blueprints/Enemy/MyEnemy.uexp" 949
"C:/Users/dilan/OneDrive/Documentos/Unreal Projects/AnimationProject/Content/ThirdPerson/Input/Actions/IA_Look.uasset" 950
"C:/Users/dilan/OneDrive/Documentos/Unreal Projects/AnimationProject/Content/ThirdPerson/Input/Actions/IA_Look.uexp" 951
"C:/Users/dilan/OneDrive/Documentos/Unreal Projects/AnimationProject/Content/ThirdPerson/Input/Actions/IA_Move.uasset" 952
"C:/Users/dilan/OneDrive/Documentos/Unreal Projects/AnimationProject/Content/ThirdPerson/Input/Actions/IA_Move.uexp" 953
"C:/Users/dilan/OneDrive/Documentos/Unreal Projects/AnimationProject/Content/ThirdPerson/Input/IMC_Default.uasset" 954
"C:/Users/dilan/OneDrive/Documentos/Unreal Projects/AnimationProject/Content/ThirdPerson/Input/IMC_Default.uexp" 955
"C:/Users/dilan/OneDrive/Documentos/Unreal Projects/AnimationProject/Content/ThirdPerson/Blueprints/PlayerWidget.uasset" 956
"C:/Users/dilan/OneDrive/Documentos/Unreal Projects/AnimationProject/Content/ThirdPerson/Blueprints/PlayerWidget.uexp" 957
"C:/Users/dilan/OneDrive/Documentos/Unreal Projects/AnimationProject/Content/FX/Basic_Shooter_Pack/Run_Left_Anim.uasset" 958
"C:/Users/dilan/OneDrive/Documentos/Unreal Projects/AnimationProject/Content/FX/Basic_Shooter_Pack/Run_Left_Anim.uexp" 959
"C:/Users/dilan/OneDrive/Documentos/Unreal Projects/AnimationProject/Content/FX/Basic_Shooter_Pack/Run_Forward_Anim.uasset" 960
"C:/Users/dilan/OneDrive/Documentos/Unreal Projects/AnimationProject/Content/FX/Basic_Shooter_Pack/Run_Forward_Anim.uexp" 961
"C:/Users/dilan/OneDrive/Documentos/Unreal Projects/AnimationProject/Content/FX/Basic_Shooter_Pack/Run_Backwards_Anim.uasset" 962
"C:/Users/dilan/OneDrive/Documentos/Unreal Projects/AnimationProject/Content/FX/Basic_Shooter_Pack/Run_Backwards_Anim.uexp" 963
"C:/Users/dilan/OneDrive/Documentos/Unreal Projects/AnimationProject/Content/FX/Basic_Shooter_Pack/Run_Right_Anim.uasset" 964
"C:/Users/dilan/OneDrive/Documentos/Unreal Projects/AnimationProject/Content/FX/Basic_Shooter_Pack/Run_Right_Anim.uexp" 965
"C:/Users/dilan/OneDrive/Documentos/Unreal Projects/AnimationProject/Content/FX/Basic_Shooter_Pack/Idle_Anim.uasset" 966
"C:/Users/dilan/OneDrive/Documentos/Unreal Projects/AnimationProject/Content/FX/Basic_Shooter_Pack/Idle_Anim.uexp" 967
"C:/Users/dilan/OneDrive/Documentos/Unreal Projects/AnimationProject/Content/ThirdPerson/Blueprints/BasedAnimation.uasset" 968
"C:/Users/dilan/OneDrive/Documentos/Unreal Projects/AnimationProject/Content/ThirdPerson/Blueprints/BasedAnimation.uexp" 969
"C:/Users/dilan/OneDrive/Documentos/Unreal Projects/AnimationProject/Content/ThirdPerson/Blueprints/BP_ThirdPersonCharacter.uasset" 970
"C:/Users/dilan/OneDrive/Documentos/Unreal Projects/AnimationProject/Content/ThirdPerson/Blueprints/BP_ThirdPersonCharacter.uexp" 971
"C:/Users/dilan/OneDrive/Documentos/Unreal Projects/AnimationProject/Content/ThirdPerson/Blueprints/BP_ThirdPersonGameMode.uasset" 972
"C:/Users/dilan/OneDrive/Documentos/Unreal Projects/AnimationProject/Content/ThirdPerson/Blueprints/BP_ThirdPersonGameMode.uexp" 973
"C:/Users/dilan/OneDrive/Documentos/Unreal Projects/AnimationProject/Content/ThirdPerson/Maps/ThirdPersonMap.uexp" 974
"C:/Users/dilan/OneDrive/Documentos/Unreal Projects/AnimationProject/Content/ThirdPerson/Maps/ThirdPersonMap.umap" 975
"../../../Engine/Content/Maps/Entry_BuiltData.uasset" 976
"../../../Engine/Content/Maps/Entry_BuiltData.uexp" 977
"../../../Engine/Content/Maps/Entry.uexp" 978
"../../../Engine/Content/Maps/Entry.umap" 979
